{
  "E:\\workspace\\THPTPM\\BookWorld\\FE\\cypress\\support\\commands.js": {
    "path": "E:\\workspace\\THPTPM\\BookWorld\\FE\\cypress\\support\\commands.js",
    "statementMap": {
      "0": {
        "start": {
          "line": 27,
          "column": 0
        },
        "end": {
          "line": 29,
          "column": 2
        }
      },
      "1": {
        "start": {
          "line": 28,
          "column": 4
        },
        "end": {
          "line": 28,
          "column": 53
        }
      },
      "2": {
        "start": {
          "line": 31,
          "column": 0
        },
        "end": {
          "line": 33,
          "column": 2
        }
      },
      "3": {
        "start": {
          "line": 32,
          "column": 4
        },
        "end": {
          "line": 32,
          "column": 54
        }
      }
    },
    "fnMap": {
      "0": {
        "name": "(anonymous_0)",
        "decl": {
          "start": {
            "line": 27,
            "column": 33
          },
          "end": {
            "line": 27,
            "column": 34
          }
        },
        "loc": {
          "start": {
            "line": 27,
            "column": 56
          },
          "end": {
            "line": 29,
            "column": 1
          }
        },
        "line": 27
      },
      "1": {
        "name": "(anonymous_1)",
        "decl": {
          "start": {
            "line": 31,
            "column": 37
          },
          "end": {
            "line": 31,
            "column": 38
          }
        },
        "loc": {
          "start": {
            "line": 31,
            "column": 60
          },
          "end": {
            "line": 33,
            "column": 1
          }
        },
        "line": 31
      }
    },
    "branchMap": {},
    "s": {
      "0": 8,
      "1": 0,
      "2": 8,
      "3": 0
    },
    "f": {
      "0": 0,
      "1": 0
    },
    "b": {},
    "_coverageSchema": "1a1c01bbd47fc00a2c39e90264f33305004495a9",
    "hash": "8ccac854c2e6ef13cf6b971c9cabe925ccaeab4c"
  },
  "E:\\workspace\\THPTPM\\BookWorld\\FE\\cypress\\support\\e2e.js": {
    "path": "E:\\workspace\\THPTPM\\BookWorld\\FE\\cypress\\support\\e2e.js",
    "statementMap": {},
    "fnMap": {},
    "branchMap": {},
    "s": {},
    "f": {},
    "b": {},
    "_coverageSchema": "1a1c01bbd47fc00a2c39e90264f33305004495a9",
    "hash": "41205ad57180cc084b31109456b8da254ebf8b04"
  },
  "E:\\workspace\\THPTPM\\BookWorld\\FE\\cypress\\e2e\\userentity.cy.js": {
    "path": "E:\\workspace\\THPTPM\\BookWorld\\FE\\cypress\\e2e\\userentity.cy.js",
    "statementMap": {
      "0": {
        "start": {
          "line": 4,
          "column": 0
        },
        "end": {
          "line": 42,
          "column": 2
        }
      },
      "1": {
        "start": {
          "line": 5,
          "column": 4
        },
        "end": {
          "line": 34,
          "column": 6
        }
      },
      "2": {
        "start": {
          "line": 6,
          "column": 25
        },
        "end": {
          "line": 17,
          "column": 9
        }
      },
      "3": {
        "start": {
          "line": 19,
          "column": 8
        },
        "end": {
          "line": 32,
          "column": 10
        }
      },
      "4": {
        "start": {
          "line": 21,
          "column": 12
        },
        "end": {
          "line": 21,
          "column": 60
        }
      },
      "5": {
        "start": {
          "line": 22,
          "column": 12
        },
        "end": {
          "line": 22,
          "column": 72
        }
      },
      "6": {
        "start": {
          "line": 23,
          "column": 12
        },
        "end": {
          "line": 23,
          "column": 66
        }
      },
      "7": {
        "start": {
          "line": 24,
          "column": 12
        },
        "end": {
          "line": 24,
          "column": 66
        }
      },
      "8": {
        "start": {
          "line": 25,
          "column": 12
        },
        "end": {
          "line": 25,
          "column": 74
        }
      },
      "9": {
        "start": {
          "line": 26,
          "column": 12
        },
        "end": {
          "line": 26,
          "column": 74
        }
      },
      "10": {
        "start": {
          "line": 27,
          "column": 12
        },
        "end": {
          "line": 27,
          "column": 70
        }
      },
      "11": {
        "start": {
          "line": 28,
          "column": 12
        },
        "end": {
          "line": 28,
          "column": 70
        }
      },
      "12": {
        "start": {
          "line": 29,
          "column": 12
        },
        "end": {
          "line": 29,
          "column": 76
        }
      }
    },
    "fnMap": {
      "0": {
        "name": "(anonymous_0)",
        "decl": {
          "start": {
            "line": 4,
            "column": 23
          },
          "end": {
            "line": 4,
            "column": 24
          }
        },
        "loc": {
          "start": {
            "line": 4,
            "column": 29
          },
          "end": {
            "line": 42,
            "column": 1
          }
        },
        "line": 4
      },
      "1": {
        "name": "(anonymous_1)",
        "decl": {
          "start": {
            "line": 5,
            "column": 37
          },
          "end": {
            "line": 5,
            "column": 38
          }
        },
        "loc": {
          "start": {
            "line": 5,
            "column": 43
          },
          "end": {
            "line": 34,
            "column": 5
          }
        },
        "line": 5
      },
      "2": {
        "name": "(anonymous_2)",
        "decl": {
          "start": {
            "line": 19,
            "column": 48
          },
          "end": {
            "line": 19,
            "column": 49
          }
        },
        "loc": {
          "start": {
            "line": 19,
            "column": 56
          },
          "end": {
            "line": 32,
            "column": 9
          }
        },
        "line": 19
      }
    },
    "branchMap": {},
    "s": {
      "0": 2,
      "1": 2,
      "2": 2,
      "3": 2,
      "4": 2,
      "5": 0,
      "6": 0,
      "7": 0,
      "8": 0,
      "9": 0,
      "10": 0,
      "11": 0,
      "12": 0
    },
    "f": {
      "0": 2,
      "1": 2,
      "2": 2
    },
    "b": {},
    "_coverageSchema": "1a1c01bbd47fc00a2c39e90264f33305004495a9",
    "hash": "fa0c2b8bc789df9c909d757048132fc0e57bb311"
  },
  "E:\\workspace\\THPTPM\\BookWorld\\FE\\src\\context\\GlobalContext.js": {
    "path": "E:\\workspace\\THPTPM\\BookWorld\\FE\\src\\context\\GlobalContext.js",
    "statementMap": {
      "0": {
        "start": {
          "line": 3,
          "column": 29
        },
        "end": {
          "line": 3,
          "column": 44
        }
      }
    },
    "fnMap": {},
    "branchMap": {},
    "s": {
      "0": 23
    },
    "f": {},
    "b": {},
    "_coverageSchema": "1a1c01bbd47fc00a2c39e90264f33305004495a9",
    "hash": "e4a1738ea1fa0f1dea497e823d9b5d098938e9db"
  },
  "E:\\workspace\\THPTPM\\BookWorld\\FE\\src\\helper\\format.js": {
    "path": "E:\\workspace\\THPTPM\\BookWorld\\FE\\src\\helper\\format.js",
    "statementMap": {
      "0": {
        "start": {
          "line": 8,
          "column": 36
        },
        "end": {
          "line": 28,
          "column": 1
        }
      },
      "1": {
        "start": {
          "line": 9,
          "column": 4
        },
        "end": {
          "line": 27,
          "column": 5
        }
      },
      "2": {
        "start": {
          "line": 10,
          "column": 8
        },
        "end": {
          "line": 22,
          "column": 9
        }
      },
      "3": {
        "start": {
          "line": 11,
          "column": 12
        },
        "end": {
          "line": 15,
          "column": 13
        }
      },
      "4": {
        "start": {
          "line": 11,
          "column": 25
        },
        "end": {
          "line": 11,
          "column": 26
        }
      },
      "5": {
        "start": {
          "line": 12,
          "column": 16
        },
        "end": {
          "line": 14,
          "column": 17
        }
      },
      "6": {
        "start": {
          "line": 13,
          "column": 20
        },
        "end": {
          "line": 13,
          "column": 29
        }
      },
      "7": {
        "start": {
          "line": 17,
          "column": 12
        },
        "end": {
          "line": 21,
          "column": 13
        }
      },
      "8": {
        "start": {
          "line": 17,
          "column": 25
        },
        "end": {
          "line": 17,
          "column": 26
        }
      },
      "9": {
        "start": {
          "line": 18,
          "column": 16
        },
        "end": {
          "line": 20,
          "column": 17
        }
      },
      "10": {
        "start": {
          "line": 19,
          "column": 20
        },
        "end": {
          "line": 19,
          "column": 29
        }
      },
      "11": {
        "start": {
          "line": 24,
          "column": 8
        },
        "end": {
          "line": 24,
          "column": 18
        }
      },
      "12": {
        "start": {
          "line": 26,
          "column": 8
        },
        "end": {
          "line": 26,
          "column": 84
        }
      },
      "13": {
        "start": {
          "line": 37,
          "column": 4
        },
        "end": {
          "line": 58,
          "column": 5
        }
      },
      "14": {
        "start": {
          "line": 38,
          "column": 26
        },
        "end": {
          "line": 38,
          "column": 28
        }
      },
      "15": {
        "start": {
          "line": 40,
          "column": 8
        },
        "end": {
          "line": 50,
          "column": 9
        }
      },
      "16": {
        "start": {
          "line": 40,
          "column": 21
        },
        "end": {
          "line": 40,
          "column": 22
        }
      },
      "17": {
        "start": {
          "line": 41,
          "column": 12
        },
        "end": {
          "line": 49,
          "column": 13
        }
      },
      "18": {
        "start": {
          "line": 42,
          "column": 16
        },
        "end": {
          "line": 42,
          "column": 57
        }
      },
      "19": {
        "start": {
          "line": 44,
          "column": 16
        },
        "end": {
          "line": 48,
          "column": 17
        }
      },
      "20": {
        "start": {
          "line": 45,
          "column": 20
        },
        "end": {
          "line": 45,
          "column": 61
        }
      },
      "21": {
        "start": {
          "line": 47,
          "column": 20
        },
        "end": {
          "line": 47,
          "column": 47
        }
      },
      "22": {
        "start": {
          "line": 52,
          "column": 8
        },
        "end": {
          "line": 52,
          "column": 27
        }
      },
      "23": {
        "start": {
          "line": 54,
          "column": 8
        },
        "end": {
          "line": 57,
          "column": 10
        }
      },
      "24": {
        "start": {
          "line": 68,
          "column": 4
        },
        "end": {
          "line": 100,
          "column": 5
        }
      },
      "25": {
        "start": {
          "line": 69,
          "column": 8
        },
        "end": {
          "line": 71,
          "column": 9
        }
      },
      "26": {
        "start": {
          "line": 70,
          "column": 12
        },
        "end": {
          "line": 70,
          "column": 22
        }
      },
      "27": {
        "start": {
          "line": 73,
          "column": 27
        },
        "end": {
          "line": 73,
          "column": 45
        }
      },
      "28": {
        "start": {
          "line": 75,
          "column": 31
        },
        "end": {
          "line": 75,
          "column": 63
        }
      },
      "29": {
        "start": {
          "line": 77,
          "column": 8
        },
        "end": {
          "line": 95,
          "column": 9
        }
      },
      "30": {
        "start": {
          "line": 78,
          "column": 12
        },
        "end": {
          "line": 85,
          "column": 38
        }
      },
      "31": {
        "start": {
          "line": 86,
          "column": 15
        },
        "end": {
          "line": 95,
          "column": 9
        }
      },
      "32": {
        "start": {
          "line": 87,
          "column": 12
        },
        "end": {
          "line": 94,
          "column": 38
        }
      },
      "33": {
        "start": {
          "line": 97,
          "column": 8
        },
        "end": {
          "line": 97,
          "column": 32
        }
      },
      "34": {
        "start": {
          "line": 99,
          "column": 8
        },
        "end": {
          "line": 99,
          "column": 78
        }
      },
      "35": {
        "start": {
          "line": 109,
          "column": 4
        },
        "end": {
          "line": 122,
          "column": 5
        }
      },
      "36": {
        "start": {
          "line": 110,
          "column": 8
        },
        "end": {
          "line": 112,
          "column": 9
        }
      },
      "37": {
        "start": {
          "line": 111,
          "column": 12
        },
        "end": {
          "line": 111,
          "column": 22
        }
      },
      "38": {
        "start": {
          "line": 114,
          "column": 26
        },
        "end": {
          "line": 117,
          "column": 10
        }
      },
      "39": {
        "start": {
          "line": 119,
          "column": 8
        },
        "end": {
          "line": 119,
          "column": 42
        }
      },
      "40": {
        "start": {
          "line": 121,
          "column": 8
        },
        "end": {
          "line": 121,
          "column": 82
        }
      },
      "41": {
        "start": {
          "line": 130,
          "column": 29
        },
        "end": {
          "line": 144,
          "column": 1
        }
      },
      "42": {
        "start": {
          "line": 131,
          "column": 4
        },
        "end": {
          "line": 141,
          "column": 5
        }
      },
      "43": {
        "start": {
          "line": 132,
          "column": 8
        },
        "end": {
          "line": 140,
          "column": 9
        }
      },
      "44": {
        "start": {
          "line": 137,
          "column": 12
        },
        "end": {
          "line": 139,
          "column": 13
        }
      },
      "45": {
        "start": {
          "line": 138,
          "column": 16
        },
        "end": {
          "line": 138,
          "column": 28
        }
      },
      "46": {
        "start": {
          "line": 143,
          "column": 4
        },
        "end": {
          "line": 143,
          "column": 17
        }
      },
      "47": {
        "start": {
          "line": 152,
          "column": 28
        },
        "end": {
          "line": 163,
          "column": 1
        }
      },
      "48": {
        "start": {
          "line": 153,
          "column": 4
        },
        "end": {
          "line": 162,
          "column": 5
        }
      },
      "49": {
        "start": {
          "line": 154,
          "column": 8
        },
        "end": {
          "line": 159,
          "column": 10
        }
      },
      "50": {
        "start": {
          "line": 155,
          "column": 12
        },
        "end": {
          "line": 158,
          "column": 26
        }
      },
      "51": {
        "start": {
          "line": 161,
          "column": 8
        },
        "end": {
          "line": 161,
          "column": 79
        }
      },
      "52": {
        "start": {
          "line": 175,
          "column": 30
        },
        "end": {
          "line": 178,
          "column": 1
        }
      },
      "53": {
        "start": {
          "line": 176,
          "column": 19
        },
        "end": {
          "line": 176,
          "column": 98
        }
      },
      "54": {
        "start": {
          "line": 176,
          "column": 47
        },
        "end": {
          "line": 176,
          "column": 87
        }
      },
      "55": {
        "start": {
          "line": 177,
          "column": 4
        },
        "end": {
          "line": 177,
          "column": 18
        }
      },
      "56": {
        "start": {
          "line": 206,
          "column": 47
        },
        "end": {
          "line": 231,
          "column": 1
        }
      },
      "57": {
        "start": {
          "line": 207,
          "column": 22
        },
        "end": {
          "line": 207,
          "column": 24
        }
      },
      "58": {
        "start": {
          "line": 209,
          "column": 4
        },
        "end": {
          "line": 226,
          "column": 6
        }
      },
      "59": {
        "start": {
          "line": 210,
          "column": 23
        },
        "end": {
          "line": 214,
          "column": 9
        }
      },
      "60": {
        "start": {
          "line": 217,
          "column": 26
        },
        "end": {
          "line": 217,
          "column": 36
        }
      },
      "61": {
        "start": {
          "line": 220,
          "column": 8
        },
        "end": {
          "line": 224,
          "column": 15
        }
      },
      "62": {
        "start": {
          "line": 221,
          "column": 27
        },
        "end": {
          "line": 221,
          "column": 49
        }
      },
      "63": {
        "start": {
          "line": 223,
          "column": 16
        },
        "end": {
          "line": 223,
          "column": 74
        }
      },
      "64": {
        "start": {
          "line": 225,
          "column": 8
        },
        "end": {
          "line": 225,
          "column": 32
        }
      },
      "65": {
        "start": {
          "line": 229,
          "column": 4
        },
        "end": {
          "line": 229,
          "column": 23
        }
      },
      "66": {
        "start": {
          "line": 234,
          "column": 42
        },
        "end": {
          "line": 257,
          "column": 1
        }
      },
      "67": {
        "start": {
          "line": 236,
          "column": 16
        },
        "end": {
          "line": 236,
          "column": 43
        }
      },
      "68": {
        "start": {
          "line": 236,
          "column": 38
        },
        "end": {
          "line": 236,
          "column": 42
        }
      },
      "69": {
        "start": {
          "line": 237,
          "column": 19
        },
        "end": {
          "line": 255,
          "column": 6
        }
      },
      "70": {
        "start": {
          "line": 238,
          "column": 25
        },
        "end": {
          "line": 243,
          "column": 10
        }
      },
      "71": {
        "start": {
          "line": 239,
          "column": 12
        },
        "end": {
          "line": 241,
          "column": 13
        }
      },
      "72": {
        "start": {
          "line": 240,
          "column": 16
        },
        "end": {
          "line": 240,
          "column": 28
        }
      },
      "73": {
        "start": {
          "line": 242,
          "column": 12
        },
        "end": {
          "line": 242,
          "column": 25
        }
      },
      "74": {
        "start": {
          "line": 245,
          "column": 8
        },
        "end": {
          "line": 247,
          "column": 9
        }
      },
      "75": {
        "start": {
          "line": 246,
          "column": 12
        },
        "end": {
          "line": 246,
          "column": 39
        }
      },
      "76": {
        "start": {
          "line": 248,
          "column": 8
        },
        "end": {
          "line": 248,
          "column": 22
        }
      },
      "77": {
        "start": {
          "line": 250,
          "column": 8
        },
        "end": {
          "line": 253,
          "column": 9
        }
      },
      "78": {
        "start": {
          "line": 252,
          "column": 12
        },
        "end": {
          "line": 252,
          "column": 24
        }
      },
      "79": {
        "start": {
          "line": 254,
          "column": 8
        },
        "end": {
          "line": 254,
          "column": 21
        }
      },
      "80": {
        "start": {
          "line": 256,
          "column": 4
        },
        "end": {
          "line": 256,
          "column": 17
        }
      }
    },
    "fnMap": {
      "0": {
        "name": "(anonymous_0)",
        "decl": {
          "start": {
            "line": 8,
            "column": 36
          },
          "end": {
            "line": 8,
            "column": 37
          }
        },
        "loc": {
          "start": {
            "line": 8,
            "column": 74
          },
          "end": {
            "line": 28,
            "column": 1
          }
        },
        "line": 8
      },
      "1": {
        "name": "capitalizeFirstLetter",
        "decl": {
          "start": {
            "line": 36,
            "column": 16
          },
          "end": {
            "line": 36,
            "column": 37
          }
        },
        "loc": {
          "start": {
            "line": 36,
            "column": 48
          },
          "end": {
            "line": 59,
            "column": 1
          }
        },
        "line": 36
      },
      "2": {
        "name": "formatToDate",
        "decl": {
          "start": {
            "line": 67,
            "column": 16
          },
          "end": {
            "line": 67,
            "column": 28
          }
        },
        "loc": {
          "start": {
            "line": 67,
            "column": 51
          },
          "end": {
            "line": 101,
            "column": 1
          }
        },
        "line": 67
      },
      "3": {
        "name": "formatToCurrency",
        "decl": {
          "start": {
            "line": 108,
            "column": 16
          },
          "end": {
            "line": 108,
            "column": 32
          }
        },
        "loc": {
          "start": {
            "line": 108,
            "column": 43
          },
          "end": {
            "line": 123,
            "column": 1
          }
        },
        "line": 108
      },
      "4": {
        "name": "(anonymous_4)",
        "decl": {
          "start": {
            "line": 130,
            "column": 29
          },
          "end": {
            "line": 130,
            "column": 30
          }
        },
        "loc": {
          "start": {
            "line": 130,
            "column": 57
          },
          "end": {
            "line": 144,
            "column": 1
          }
        },
        "line": 130
      },
      "5": {
        "name": "(anonymous_5)",
        "decl": {
          "start": {
            "line": 152,
            "column": 28
          },
          "end": {
            "line": 152,
            "column": 29
          }
        },
        "loc": {
          "start": {
            "line": 152,
            "column": 34
          },
          "end": {
            "line": 163,
            "column": 1
          }
        },
        "line": 152
      },
      "6": {
        "name": "(anonymous_6)",
        "decl": {
          "start": {
            "line": 154,
            "column": 70
          },
          "end": {
            "line": 154,
            "column": 71
          }
        },
        "loc": {
          "start": {
            "line": 155,
            "column": 12
          },
          "end": {
            "line": 158,
            "column": 26
          }
        },
        "line": 155
      },
      "7": {
        "name": "(anonymous_7)",
        "decl": {
          "start": {
            "line": 175,
            "column": 30
          },
          "end": {
            "line": 175,
            "column": 31
          }
        },
        "loc": {
          "start": {
            "line": 175,
            "column": 39
          },
          "end": {
            "line": 178,
            "column": 1
          }
        },
        "line": 175
      },
      "8": {
        "name": "(anonymous_8)",
        "decl": {
          "start": {
            "line": 176,
            "column": 40
          },
          "end": {
            "line": 176,
            "column": 41
          }
        },
        "loc": {
          "start": {
            "line": 176,
            "column": 47
          },
          "end": {
            "line": 176,
            "column": 87
          }
        },
        "line": 176
      },
      "9": {
        "name": "(anonymous_9)",
        "decl": {
          "start": {
            "line": 206,
            "column": 47
          },
          "end": {
            "line": 206,
            "column": 48
          }
        },
        "loc": {
          "start": {
            "line": 206,
            "column": 61
          },
          "end": {
            "line": 231,
            "column": 1
          }
        },
        "line": 206
      },
      "10": {
        "name": "(anonymous_10)",
        "decl": {
          "start": {
            "line": 209,
            "column": 21
          },
          "end": {
            "line": 209,
            "column": 22
          }
        },
        "loc": {
          "start": {
            "line": 209,
            "column": 30
          },
          "end": {
            "line": 226,
            "column": 5
          }
        },
        "line": 209
      },
      "11": {
        "name": "(anonymous_11)",
        "decl": {
          "start": {
            "line": 221,
            "column": 20
          },
          "end": {
            "line": 221,
            "column": 21
          }
        },
        "loc": {
          "start": {
            "line": 221,
            "column": 27
          },
          "end": {
            "line": 221,
            "column": 49
          }
        },
        "line": 221
      },
      "12": {
        "name": "(anonymous_12)",
        "decl": {
          "start": {
            "line": 222,
            "column": 21
          },
          "end": {
            "line": 222,
            "column": 22
          }
        },
        "loc": {
          "start": {
            "line": 222,
            "column": 28
          },
          "end": {
            "line": 224,
            "column": 13
          }
        },
        "line": 222
      },
      "13": {
        "name": "(anonymous_13)",
        "decl": {
          "start": {
            "line": 234,
            "column": 42
          },
          "end": {
            "line": 234,
            "column": 43
          }
        },
        "loc": {
          "start": {
            "line": 234,
            "column": 58
          },
          "end": {
            "line": 257,
            "column": 1
          }
        },
        "line": 234
      },
      "14": {
        "name": "(anonymous_14)",
        "decl": {
          "start": {
            "line": 236,
            "column": 31
          },
          "end": {
            "line": 236,
            "column": 32
          }
        },
        "loc": {
          "start": {
            "line": 236,
            "column": 38
          },
          "end": {
            "line": 236,
            "column": 42
          }
        },
        "line": 236
      },
      "15": {
        "name": "(anonymous_15)",
        "decl": {
          "start": {
            "line": 237,
            "column": 34
          },
          "end": {
            "line": 237,
            "column": 35
          }
        },
        "loc": {
          "start": {
            "line": 237,
            "column": 46
          },
          "end": {
            "line": 249,
            "column": 5
          }
        },
        "line": 237
      },
      "16": {
        "name": "(anonymous_16)",
        "decl": {
          "start": {
            "line": 238,
            "column": 43
          },
          "end": {
            "line": 238,
            "column": 44
          }
        },
        "loc": {
          "start": {
            "line": 238,
            "column": 54
          },
          "end": {
            "line": 243,
            "column": 9
          }
        },
        "line": 238
      },
      "17": {
        "name": "(anonymous_17)",
        "decl": {
          "start": {
            "line": 249,
            "column": 14
          },
          "end": {
            "line": 249,
            "column": 15
          }
        },
        "loc": {
          "start": {
            "line": 249,
            "column": 23
          },
          "end": {
            "line": 255,
            "column": 5
          }
        },
        "line": 249
      }
    },
    "branchMap": {
      "0": {
        "loc": {
          "start": {
            "line": 10,
            "column": 8
          },
          "end": {
            "line": 22,
            "column": 9
          }
        },
        "type": "if",
        "locations": [
          {
            "start": {
              "line": 10,
              "column": 8
            },
            "end": {
              "line": 22,
              "column": 9
            }
          },
          {
            "start": {
              "line": 16,
              "column": 15
            },
            "end": {
              "line": 22,
              "column": 9
            }
          }
        ],
        "line": 10
      },
      "1": {
        "loc": {
          "start": {
            "line": 10,
            "column": 12
          },
          "end": {
            "line": 10,
            "column": 37
          }
        },
        "type": "binary-expr",
        "locations": [
          {
            "start": {
              "line": 10,
              "column": 12
            },
            "end": {
              "line": 10,
              "column": 23
            }
          },
          {
            "start": {
              "line": 10,
              "column": 27
            },
            "end": {
              "line": 10,
              "column": 37
            }
          }
        ],
        "line": 10
      },
      "2": {
        "loc": {
          "start": {
            "line": 12,
            "column": 16
          },
          "end": {
            "line": 14,
            "column": 17
          }
        },
        "type": "if",
        "locations": [
          {
            "start": {
              "line": 12,
              "column": 16
            },
            "end": {
              "line": 14,
              "column": 17
            }
          },
          {
            "start": {},
            "end": {}
          }
        ],
        "line": 12
      },
      "3": {
        "loc": {
          "start": {
            "line": 18,
            "column": 16
          },
          "end": {
            "line": 20,
            "column": 17
          }
        },
        "type": "if",
        "locations": [
          {
            "start": {
              "line": 18,
              "column": 16
            },
            "end": {
              "line": 20,
              "column": 17
            }
          },
          {
            "start": {},
            "end": {}
          }
        ],
        "line": 18
      },
      "4": {
        "loc": {
          "start": {
            "line": 41,
            "column": 12
          },
          "end": {
            "line": 49,
            "column": 13
          }
        },
        "type": "if",
        "locations": [
          {
            "start": {
              "line": 41,
              "column": 12
            },
            "end": {
              "line": 49,
              "column": 13
            }
          },
          {
            "start": {
              "line": 43,
              "column": 19
            },
            "end": {
              "line": 49,
              "column": 13
            }
          }
        ],
        "line": 41
      },
      "5": {
        "loc": {
          "start": {
            "line": 44,
            "column": 16
          },
          "end": {
            "line": 48,
            "column": 17
          }
        },
        "type": "if",
        "locations": [
          {
            "start": {
              "line": 44,
              "column": 16
            },
            "end": {
              "line": 48,
              "column": 17
            }
          },
          {
            "start": {
              "line": 46,
              "column": 23
            },
            "end": {
              "line": 48,
              "column": 17
            }
          }
        ],
        "line": 44
      },
      "6": {
        "loc": {
          "start": {
            "line": 69,
            "column": 8
          },
          "end": {
            "line": 71,
            "column": 9
          }
        },
        "type": "if",
        "locations": [
          {
            "start": {
              "line": 69,
              "column": 8
            },
            "end": {
              "line": 71,
              "column": 9
            }
          },
          {
            "start": {},
            "end": {}
          }
        ],
        "line": 69
      },
      "7": {
        "loc": {
          "start": {
            "line": 77,
            "column": 8
          },
          "end": {
            "line": 95,
            "column": 9
          }
        },
        "type": "if",
        "locations": [
          {
            "start": {
              "line": 77,
              "column": 8
            },
            "end": {
              "line": 95,
              "column": 9
            }
          },
          {
            "start": {
              "line": 86,
              "column": 15
            },
            "end": {
              "line": 95,
              "column": 9
            }
          }
        ],
        "line": 77
      },
      "8": {
        "loc": {
          "start": {
            "line": 79,
            "column": 19
          },
          "end": {
            "line": 81,
            "column": 44
          }
        },
        "type": "cond-expr",
        "locations": [
          {
            "start": {
              "line": 80,
              "column": 22
            },
            "end": {
              "line": 80,
              "column": 50
            }
          },
          {
            "start": {
              "line": 81,
              "column": 22
            },
            "end": {
              "line": 81,
              "column": 44
            }
          }
        ],
        "line": 79
      },
      "9": {
        "loc": {
          "start": {
            "line": 82,
            "column": 20
          },
          "end": {
            "line": 84,
            "column": 49
          }
        },
        "type": "cond-expr",
        "locations": [
          {
            "start": {
              "line": 83,
              "column": 22
            },
            "end": {
              "line": 83,
              "column": 57
            }
          },
          {
            "start": {
              "line": 84,
              "column": 22
            },
            "end": {
              "line": 84,
              "column": 49
            }
          }
        ],
        "line": 82
      },
      "10": {
        "loc": {
          "start": {
            "line": 86,
            "column": 15
          },
          "end": {
            "line": 95,
            "column": 9
          }
        },
        "type": "if",
        "locations": [
          {
            "start": {
              "line": 86,
              "column": 15
            },
            "end": {
              "line": 95,
              "column": 9
            }
          },
          {
            "start": {},
            "end": {}
          }
        ],
        "line": 86
      },
      "11": {
        "loc": {
          "start": {
            "line": 88,
            "column": 19
          },
          "end": {
            "line": 90,
            "column": 49
          }
        },
        "type": "cond-expr",
        "locations": [
          {
            "start": {
              "line": 89,
              "column": 22
            },
            "end": {
              "line": 89,
              "column": 57
            }
          },
          {
            "start": {
              "line": 90,
              "column": 22
            },
            "end": {
              "line": 90,
              "column": 49
            }
          }
        ],
        "line": 88
      },
      "12": {
        "loc": {
          "start": {
            "line": 91,
            "column": 20
          },
          "end": {
            "line": 93,
            "column": 44
          }
        },
        "type": "cond-expr",
        "locations": [
          {
            "start": {
              "line": 92,
              "column": 22
            },
            "end": {
              "line": 92,
              "column": 50
            }
          },
          {
            "start": {
              "line": 93,
              "column": 22
            },
            "end": {
              "line": 93,
              "column": 44
            }
          }
        ],
        "line": 91
      },
      "13": {
        "loc": {
          "start": {
            "line": 110,
            "column": 8
          },
          "end": {
            "line": 112,
            "column": 9
          }
        },
        "type": "if",
        "locations": [
          {
            "start": {
              "line": 110,
              "column": 8
            },
            "end": {
              "line": 112,
              "column": 9
            }
          },
          {
            "start": {},
            "end": {}
          }
        ],
        "line": 110
      },
      "14": {
        "loc": {
          "start": {
            "line": 110,
            "column": 12
          },
          "end": {
            "line": 110,
            "column": 47
          }
        },
        "type": "binary-expr",
        "locations": [
          {
            "start": {
              "line": 110,
              "column": 12
            },
            "end": {
              "line": 110,
              "column": 26
            }
          },
          {
            "start": {
              "line": 110,
              "column": 30
            },
            "end": {
              "line": 110,
              "column": 47
            }
          }
        ],
        "line": 110
      },
      "15": {
        "loc": {
          "start": {
            "line": 132,
            "column": 8
          },
          "end": {
            "line": 140,
            "column": 9
          }
        },
        "type": "if",
        "locations": [
          {
            "start": {
              "line": 132,
              "column": 8
            },
            "end": {
              "line": 140,
              "column": 9
            }
          },
          {
            "start": {
              "line": 136,
              "column": 15
            },
            "end": {
              "line": 140,
              "column": 9
            }
          }
        ],
        "line": 132
      },
      "16": {
        "loc": {
          "start": {
            "line": 133,
            "column": 12
          },
          "end": {
            "line": 134,
            "column": 58
          }
        },
        "type": "binary-expr",
        "locations": [
          {
            "start": {
              "line": 133,
              "column": 13
            },
            "end": {
              "line": 133,
              "column": 32
            }
          },
          {
            "start": {
              "line": 133,
              "column": 36
            },
            "end": {
              "line": 133,
              "column": 57
            }
          },
          {
            "start": {
              "line": 134,
              "column": 13
            },
            "end": {
              "line": 134,
              "column": 32
            }
          },
          {
            "start": {
              "line": 134,
              "column": 36
            },
            "end": {
              "line": 134,
              "column": 57
            }
          }
        ],
        "line": 133
      },
      "17": {
        "loc": {
          "start": {
            "line": 137,
            "column": 12
          },
          "end": {
            "line": 139,
            "column": 13
          }
        },
        "type": "if",
        "locations": [
          {
            "start": {
              "line": 137,
              "column": 12
            },
            "end": {
              "line": 139,
              "column": 13
            }
          },
          {
            "start": {},
            "end": {}
          }
        ],
        "line": 137
      },
      "18": {
        "loc": {
          "start": {
            "line": 223,
            "column": 46
          },
          "end": {
            "line": 223,
            "column": 73
          }
        },
        "type": "cond-expr",
        "locations": [
          {
            "start": {
              "line": 223,
              "column": 68
            },
            "end": {
              "line": 223,
              "column": 69
            }
          },
          {
            "start": {
              "line": 223,
              "column": 72
            },
            "end": {
              "line": 223,
              "column": 73
            }
          }
        ],
        "line": 223
      },
      "19": {
        "loc": {
          "start": {
            "line": 239,
            "column": 12
          },
          "end": {
            "line": 241,
            "column": 13
          }
        },
        "type": "if",
        "locations": [
          {
            "start": {
              "line": 239,
              "column": 12
            },
            "end": {
              "line": 241,
              "column": 13
            }
          },
          {
            "start": {},
            "end": {}
          }
        ],
        "line": 239
      },
      "20": {
        "loc": {
          "start": {
            "line": 239,
            "column": 16
          },
          "end": {
            "line": 239,
            "column": 75
          }
        },
        "type": "binary-expr",
        "locations": [
          {
            "start": {
              "line": 239,
              "column": 16
            },
            "end": {
              "line": 239,
              "column": 43
            }
          },
          {
            "start": {
              "line": 239,
              "column": 47
            },
            "end": {
              "line": 239,
              "column": 75
            }
          }
        ],
        "line": 239
      },
      "21": {
        "loc": {
          "start": {
            "line": 245,
            "column": 8
          },
          "end": {
            "line": 247,
            "column": 9
          }
        },
        "type": "if",
        "locations": [
          {
            "start": {
              "line": 245,
              "column": 8
            },
            "end": {
              "line": 247,
              "column": 9
            }
          },
          {
            "start": {},
            "end": {}
          }
        ],
        "line": 245
      },
      "22": {
        "loc": {
          "start": {
            "line": 250,
            "column": 8
          },
          "end": {
            "line": 253,
            "column": 9
          }
        },
        "type": "if",
        "locations": [
          {
            "start": {
              "line": 250,
              "column": 8
            },
            "end": {
              "line": 253,
              "column": 9
            }
          },
          {
            "start": {},
            "end": {}
          }
        ],
        "line": 250
      },
      "23": {
        "loc": {
          "start": {
            "line": 250,
            "column": 12
          },
          "end": {
            "line": 250,
            "column": 66
          }
        },
        "type": "binary-expr",
        "locations": [
          {
            "start": {
              "line": 250,
              "column": 12
            },
            "end": {
              "line": 250,
              "column": 35
            }
          },
          {
            "start": {
              "line": 250,
              "column": 39
            },
            "end": {
              "line": 250,
              "column": 66
            }
          }
        ],
        "line": 250
      }
    },
    "s": {
      "0": 23,
      "1": 268,
      "2": 268,
      "3": 0,
      "4": 0,
      "5": 0,
      "6": 0,
      "7": 268,
      "8": 268,
      "9": 140,
      "10": 56,
      "11": 84,
      "12": 128,
      "13": 0,
      "14": 0,
      "15": 0,
      "16": 0,
      "17": 0,
      "18": 0,
      "19": 0,
      "20": 0,
      "21": 0,
      "22": 0,
      "23": 0,
      "24": 0,
      "25": 0,
      "26": 0,
      "27": 0,
      "28": 0,
      "29": 0,
      "30": 0,
      "31": 0,
      "32": 0,
      "33": 0,
      "34": 0,
      "35": 0,
      "36": 0,
      "37": 0,
      "38": 0,
      "39": 0,
      "40": 0,
      "41": 23,
      "42": 0,
      "43": 0,
      "44": 0,
      "45": 0,
      "46": 0,
      "47": 23,
      "48": 0,
      "49": 0,
      "50": 0,
      "51": 0,
      "52": 23,
      "53": 5,
      "54": 5,
      "55": 5,
      "56": 23,
      "57": 0,
      "58": 0,
      "59": 0,
      "60": 0,
      "61": 0,
      "62": 0,
      "63": 0,
      "64": 0,
      "65": 0,
      "66": 23,
      "67": 0,
      "68": 0,
      "69": 0,
      "70": 0,
      "71": 0,
      "72": 0,
      "73": 0,
      "74": 0,
      "75": 0,
      "76": 0,
      "77": 0,
      "78": 0,
      "79": 0,
      "80": 0
    },
    "f": {
      "0": 268,
      "1": 0,
      "2": 0,
      "3": 0,
      "4": 0,
      "5": 0,
      "6": 0,
      "7": 5,
      "8": 5,
      "9": 0,
      "10": 0,
      "11": 0,
      "12": 0,
      "13": 0,
      "14": 0,
      "15": 0,
      "16": 0,
      "17": 0
    },
    "b": {
      "0": [
        0,
        268
      ],
      "1": [
        268,
        268
      ],
      "2": [
        0,
        0
      ],
      "3": [
        56,
        84
      ],
      "4": [
        0,
        0
      ],
      "5": [
        0,
        0
      ],
      "6": [
        0,
        0
      ],
      "7": [
        0,
        0
      ],
      "8": [
        0,
        0
      ],
      "9": [
        0,
        0
      ],
      "10": [
        0,
        0
      ],
      "11": [
        0,
        0
      ],
      "12": [
        0,
        0
      ],
      "13": [
        0,
        0
      ],
      "14": [
        0,
        0
      ],
      "15": [
        0,
        0
      ],
      "16": [
        0,
        0,
        0,
        0
      ],
      "17": [
        0,
        0
      ],
      "18": [
        0,
        0
      ],
      "19": [
        0,
        0
      ],
      "20": [
        0,
        0
      ],
      "21": [
        0,
        0
      ],
      "22": [
        0,
        0
      ],
      "23": [
        0,
        0
      ]
    },
    "_coverageSchema": "1a1c01bbd47fc00a2c39e90264f33305004495a9",
    "hash": "4cc48026eb155c6824886f8e1b73eb9d715a2555"
  },
  "E:\\workspace\\THPTPM\\BookWorld\\FE\\src\\services\\token.service.js": {
    "path": "E:\\workspace\\THPTPM\\BookWorld\\FE\\src\\services\\token.service.js",
    "statementMap": {
      "0": {
        "start": {
          "line": 4,
          "column": 17
        },
        "end": {
          "line": 4,
          "column": 57
        }
      },
      "1": {
        "start": {
          "line": 5,
          "column": 4
        },
        "end": {
          "line": 5,
          "column": 30
        }
      },
      "2": {
        "start": {
          "line": 9,
          "column": 17
        },
        "end": {
          "line": 9,
          "column": 57
        }
      },
      "3": {
        "start": {
          "line": 10,
          "column": 4
        },
        "end": {
          "line": 10,
          "column": 35
        }
      },
      "4": {
        "start": {
          "line": 14,
          "column": 17
        },
        "end": {
          "line": 14,
          "column": 57
        }
      },
      "5": {
        "start": {
          "line": 15,
          "column": 4
        },
        "end": {
          "line": 15,
          "column": 55
        }
      },
      "6": {
        "start": {
          "line": 16,
          "column": 4
        },
        "end": {
          "line": 16,
          "column": 68
        }
      },
      "7": {
        "start": {
          "line": 21,
          "column": 4
        },
        "end": {
          "line": 21,
          "column": 59
        }
      },
      "8": {
        "start": {
          "line": 24,
          "column": 15
        },
        "end": {
          "line": 24,
          "column": 55
        }
      },
      "9": {
        "start": {
          "line": 25,
          "column": 4
        },
        "end": {
          "line": 25,
          "column": 29
        }
      },
      "10": {
        "start": {
          "line": 26,
          "column": 4
        },
        "end": {
          "line": 26,
          "column": 55
        }
      },
      "11": {
        "start": {
          "line": 30,
          "column": 4
        },
        "end": {
          "line": 30,
          "column": 52
        }
      },
      "12": {
        "start": {
          "line": 34,
          "column": 4
        },
        "end": {
          "line": 34,
          "column": 67
        }
      },
      "13": {
        "start": {
          "line": 38,
          "column": 4
        },
        "end": {
          "line": 38,
          "column": 59
        }
      },
      "14": {
        "start": {
          "line": 42,
          "column": 4
        },
        "end": {
          "line": 42,
          "column": 38
        }
      },
      "15": {
        "start": {
          "line": 43,
          "column": 4
        },
        "end": {
          "line": 43,
          "column": 55
        }
      },
      "16": {
        "start": {
          "line": 47,
          "column": 4
        },
        "end": {
          "line": 47,
          "column": 79
        }
      },
      "17": {
        "start": {
          "line": 50,
          "column": 4
        },
        "end": {
          "line": 50,
          "column": 36
        }
      }
    },
    "fnMap": {
      "0": {
        "name": "(anonymous_0)",
        "decl": {
          "start": {
            "line": 3,
            "column": 2
          },
          "end": {
            "line": 3,
            "column": 3
          }
        },
        "loc": {
          "start": {
            "line": 3,
            "column": 25
          },
          "end": {
            "line": 6,
            "column": 3
          }
        },
        "line": 3
      },
      "1": {
        "name": "(anonymous_1)",
        "decl": {
          "start": {
            "line": 8,
            "column": 2
          },
          "end": {
            "line": 8,
            "column": 3
          }
        },
        "loc": {
          "start": {
            "line": 8,
            "column": 24
          },
          "end": {
            "line": 11,
            "column": 3
          }
        },
        "line": 8
      },
      "2": {
        "name": "(anonymous_2)",
        "decl": {
          "start": {
            "line": 13,
            "column": 2
          },
          "end": {
            "line": 13,
            "column": 3
          }
        },
        "loc": {
          "start": {
            "line": 13,
            "column": 20
          },
          "end": {
            "line": 17,
            "column": 3
          }
        },
        "line": 13
      },
      "3": {
        "name": "(anonymous_3)",
        "decl": {
          "start": {
            "line": 20,
            "column": 2
          },
          "end": {
            "line": 20,
            "column": 3
          }
        },
        "loc": {
          "start": {
            "line": 20,
            "column": 22
          },
          "end": {
            "line": 22,
            "column": 3
          }
        },
        "line": 20
      },
      "4": {
        "name": "(anonymous_4)",
        "decl": {
          "start": {
            "line": 23,
            "column": 2
          },
          "end": {
            "line": 23,
            "column": 3
          }
        },
        "loc": {
          "start": {
            "line": 23,
            "column": 32
          },
          "end": {
            "line": 27,
            "column": 3
          }
        },
        "line": 23
      },
      "5": {
        "name": "(anonymous_5)",
        "decl": {
          "start": {
            "line": 29,
            "column": 2
          },
          "end": {
            "line": 29,
            "column": 3
          }
        },
        "loc": {
          "start": {
            "line": 29,
            "column": 12
          },
          "end": {
            "line": 31,
            "column": 3
          }
        },
        "line": 29
      },
      "6": {
        "name": "(anonymous_6)",
        "decl": {
          "start": {
            "line": 32,
            "column": 2
          },
          "end": {
            "line": 32,
            "column": 3
          }
        },
        "loc": {
          "start": {
            "line": 32,
            "column": 20
          },
          "end": {
            "line": 35,
            "column": 3
          }
        },
        "line": 32
      },
      "7": {
        "name": "(anonymous_7)",
        "decl": {
          "start": {
            "line": 37,
            "column": 2
          },
          "end": {
            "line": 37,
            "column": 3
          }
        },
        "loc": {
          "start": {
            "line": 37,
            "column": 19
          },
          "end": {
            "line": 39,
            "column": 3
          }
        },
        "line": 37
      },
      "8": {
        "name": "(anonymous_8)",
        "decl": {
          "start": {
            "line": 41,
            "column": 2
          },
          "end": {
            "line": 41,
            "column": 3
          }
        },
        "loc": {
          "start": {
            "line": 41,
            "column": 16
          },
          "end": {
            "line": 44,
            "column": 3
          }
        },
        "line": 41
      },
      "9": {
        "name": "(anonymous_9)",
        "decl": {
          "start": {
            "line": 46,
            "column": 2
          },
          "end": {
            "line": 46,
            "column": 3
          }
        },
        "loc": {
          "start": {
            "line": 46,
            "column": 40
          },
          "end": {
            "line": 48,
            "column": 3
          }
        },
        "line": 46
      },
      "10": {
        "name": "(anonymous_10)",
        "decl": {
          "start": {
            "line": 49,
            "column": 2
          },
          "end": {
            "line": 49,
            "column": 3
          }
        },
        "loc": {
          "start": {
            "line": 49,
            "column": 15
          },
          "end": {
            "line": 51,
            "column": 3
          }
        },
        "line": 49
      }
    },
    "branchMap": {},
    "s": {
      "0": 0,
      "1": 0,
      "2": 89,
      "3": 89,
      "4": 134,
      "5": 134,
      "6": 134,
      "7": 0,
      "8": 0,
      "9": 0,
      "10": 0,
      "11": 30,
      "12": 752,
      "13": 21,
      "14": 7,
      "15": 7,
      "16": 0,
      "17": 0
    },
    "f": {
      "0": 0,
      "1": 89,
      "2": 134,
      "3": 0,
      "4": 0,
      "5": 30,
      "6": 752,
      "7": 21,
      "8": 7,
      "9": 0,
      "10": 0
    },
    "b": {},
    "_coverageSchema": "1a1c01bbd47fc00a2c39e90264f33305004495a9",
    "hash": "b64d469be01ab1decbeb8901cf683c4e968957c8"
  },
  "E:\\workspace\\THPTPM\\BookWorld\\FE\\src\\components\\autoFill\\TheAutoFillitem.js": {
    "path": "E:\\workspace\\THPTPM\\BookWorld\\FE\\src\\components\\autoFill\\TheAutoFillitem.js",
    "statementMap": {
      "0": {
        "start": {
          "line": 5,
          "column": 35
        },
        "end": {
          "line": 5,
          "column": 45
        }
      },
      "1": {
        "start": {
          "line": 11,
          "column": 24
        },
        "end": {
          "line": 30,
          "column": 1
        }
      },
      "2": {
        "start": {
          "line": 12,
          "column": 4
        },
        "end": {
          "line": 12,
          "column": 22
        }
      },
      "3": {
        "start": {
          "line": 13,
          "column": 4
        },
        "end": {
          "line": 29,
          "column": 5
        }
      }
    },
    "fnMap": {
      "0": {
        "name": "(anonymous_0)",
        "decl": {
          "start": {
            "line": 11,
            "column": 24
          },
          "end": {
            "line": 11,
            "column": 25
          }
        },
        "loc": {
          "start": {
            "line": 11,
            "column": 35
          },
          "end": {
            "line": 30,
            "column": 1
          }
        },
        "line": 11
      }
    },
    "branchMap": {},
    "s": {
      "0": 23,
      "1": 23,
      "2": 0,
      "3": 0
    },
    "f": {
      "0": 0
    },
    "b": {},
    "_coverageSchema": "1a1c01bbd47fc00a2c39e90264f33305004495a9",
    "hash": "dc3e288c1f2f66db9034428840c78e613ce3e7ba"
  },
  "E:\\workspace\\THPTPM\\BookWorld\\FE\\src\\helper\\BSHAREenum.js": {
    "path": "E:\\workspace\\THPTPM\\BookWorld\\FE\\src\\helper\\BSHAREenum.js",
    "statementMap": {
      "0": {
        "start": {
          "line": 1,
          "column": 18
        },
        "end": {
          "line": 71,
          "column": 2
        }
      }
    },
    "fnMap": {},
    "branchMap": {},
    "s": {
      "0": 23
    },
    "f": {},
    "b": {},
    "_coverageSchema": "1a1c01bbd47fc00a2c39e90264f33305004495a9",
    "hash": "9897fc8ccc608e2779d9cfbef780a7d15a01da76"
  },
  "E:\\workspace\\THPTPM\\BookWorld\\FE\\src\\helper\\BSHAREresource.js": {
    "path": "E:\\workspace\\THPTPM\\BookWorld\\FE\\src\\helper\\BSHAREresource.js",
    "statementMap": {
      "0": {
        "start": {
          "line": 4,
          "column": 23
        },
        "end": {
          "line": 6,
          "column": 1
        }
      },
      "1": {
        "start": {
          "line": 7,
          "column": 19
        },
        "end": {
          "line": 7,
          "column": 62
        }
      },
      "2": {
        "start": {
          "line": 8,
          "column": 34
        },
        "end": {
          "line": 127,
          "column": 1
        }
      },
      "3": {
        "start": {
          "line": 9,
          "column": 4
        },
        "end": {
          "line": 9,
          "column": 64
        }
      },
      "4": {
        "start": {
          "line": 10,
          "column": 4
        },
        "end": {
          "line": 10,
          "column": 79
        }
      },
      "5": {
        "start": {
          "line": 11,
          "column": 4
        },
        "end": {
          "line": 126,
          "column": 5
        }
      },
      "6": {
        "start": {
          "line": 128,
          "column": 23
        },
        "end": {
          "line": 307,
          "column": 1
        }
      }
    },
    "fnMap": {
      "0": {
        "name": "(anonymous_0)",
        "decl": {
          "start": {
            "line": 8,
            "column": 34
          },
          "end": {
            "line": 8,
            "column": 35
          }
        },
        "loc": {
          "start": {
            "line": 8,
            "column": 56
          },
          "end": {
            "line": 127,
            "column": 1
          }
        },
        "line": 8
      }
    },
    "branchMap": {},
    "s": {
      "0": 23,
      "1": 23,
      "2": 23,
      "3": 7,
      "4": 7,
      "5": 7,
      "6": 23
    },
    "f": {
      "0": 7
    },
    "b": {},
    "_coverageSchema": "1a1c01bbd47fc00a2c39e90264f33305004495a9",
    "hash": "e992c06becee99dff03b9c52067d5e12eca256e6"
  },
  "E:\\workspace\\THPTPM\\BookWorld\\FE\\src\\helper\\notifyDisplay.js": {
    "path": "E:\\workspace\\THPTPM\\BookWorld\\FE\\src\\helper\\notifyDisplay.js",
    "statementMap": {
      "0": {
        "start": {
          "line": 2,
          "column": 14
        },
        "end": {
          "line": 8,
          "column": 2
        }
      },
      "1": {
        "start": {
          "line": 11,
          "column": 27
        },
        "end": {
          "line": 15,
          "column": 1
        }
      },
      "2": {
        "start": {
          "line": 12,
          "column": 21
        },
        "end": {
          "line": 12,
          "column": 55
        }
      },
      "3": {
        "start": {
          "line": 13,
          "column": 4
        },
        "end": {
          "line": 13,
          "column": 27
        }
      },
      "4": {
        "start": {
          "line": 14,
          "column": 4
        },
        "end": {
          "line": 14,
          "column": 44
        }
      },
      "5": {
        "start": {
          "line": 17,
          "column": 27
        },
        "end": {
          "line": 22,
          "column": 1
        }
      },
      "6": {
        "start": {
          "line": 18,
          "column": 21
        },
        "end": {
          "line": 18,
          "column": 55
        }
      },
      "7": {
        "start": {
          "line": 19,
          "column": 4
        },
        "end": {
          "line": 19,
          "column": 27
        }
      },
      "8": {
        "start": {
          "line": 20,
          "column": 4
        },
        "end": {
          "line": 20,
          "column": 43
        }
      }
    },
    "fnMap": {
      "0": {
        "name": "(anonymous_0)",
        "decl": {
          "start": {
            "line": 11,
            "column": 27
          },
          "end": {
            "line": 11,
            "column": 28
          }
        },
        "loc": {
          "start": {
            "line": 11,
            "column": 33
          },
          "end": {
            "line": 15,
            "column": 1
          }
        },
        "line": 11
      },
      "1": {
        "name": "(anonymous_1)",
        "decl": {
          "start": {
            "line": 17,
            "column": 27
          },
          "end": {
            "line": 17,
            "column": 28
          }
        },
        "loc": {
          "start": {
            "line": 17,
            "column": 33
          },
          "end": {
            "line": 22,
            "column": 1
          }
        },
        "line": 17
      }
    },
    "branchMap": {},
    "s": {
      "0": 23,
      "1": 23,
      "2": 0,
      "3": 0,
      "4": 0,
      "5": 23,
      "6": 0,
      "7": 0,
      "8": 0
    },
    "f": {
      "0": 0,
      "1": 0
    },
    "b": {},
    "_coverageSchema": "1a1c01bbd47fc00a2c39e90264f33305004495a9",
    "hash": "c401c9864fb9b518e5bddd6822f8243eebe769e0"
  },
  "E:\\workspace\\THPTPM\\BookWorld\\FE\\src\\services\\api.js": {
    "path": "E:\\workspace\\THPTPM\\BookWorld\\FE\\src\\services\\api.js",
    "statementMap": {
      "0": {
        "start": {
          "line": 8,
          "column": 14
        },
        "end": {
          "line": 14,
          "column": 2
        }
      },
      "1": {
        "start": {
          "line": 15,
          "column": 0
        },
        "end": {
          "line": 15,
          "column": 47
        }
      },
      "2": {
        "start": {
          "line": 16,
          "column": 27
        },
        "end": {
          "line": 20,
          "column": 2
        }
      },
      "3": {
        "start": {
          "line": 22,
          "column": 0
        },
        "end": {
          "line": 26,
          "column": 2
        }
      },
      "4": {
        "start": {
          "line": 24,
          "column": 2
        },
        "end": {
          "line": 24,
          "column": 15
        }
      },
      "5": {
        "start": {
          "line": 25,
          "column": 2
        },
        "end": {
          "line": 25,
          "column": 15
        }
      },
      "6": {
        "start": {
          "line": 28,
          "column": 0
        },
        "end": {
          "line": 32,
          "column": 2
        }
      },
      "7": {
        "start": {
          "line": 30,
          "column": 2
        },
        "end": {
          "line": 30,
          "column": 15
        }
      },
      "8": {
        "start": {
          "line": 31,
          "column": 2
        },
        "end": {
          "line": 31,
          "column": 17
        }
      },
      "9": {
        "start": {
          "line": 35,
          "column": 22
        },
        "end": {
          "line": 66,
          "column": 1
        }
      },
      "10": {
        "start": {
          "line": 36,
          "column": 2
        },
        "end": {
          "line": 36,
          "column": 21
        }
      },
      "11": {
        "start": {
          "line": 37,
          "column": 2
        },
        "end": {
          "line": 39,
          "column": 3
        }
      },
      "12": {
        "start": {
          "line": 38,
          "column": 4
        },
        "end": {
          "line": 38,
          "column": 53
        }
      },
      "13": {
        "start": {
          "line": 40,
          "column": 2
        },
        "end": {
          "line": 65,
          "column": 3
        }
      },
      "14": {
        "start": {
          "line": 41,
          "column": 4
        },
        "end": {
          "line": 49,
          "column": 7
        }
      },
      "15": {
        "start": {
          "line": 50,
          "column": 4
        },
        "end": {
          "line": 50,
          "column": 23
        }
      },
      "16": {
        "start": {
          "line": 51,
          "column": 21
        },
        "end": {
          "line": 51,
          "column": 62
        }
      },
      "17": {
        "start": {
          "line": 53,
          "column": 4
        },
        "end": {
          "line": 60,
          "column": 5
        }
      },
      "18": {
        "start": {
          "line": 55,
          "column": 6
        },
        "end": {
          "line": 55,
          "column": 26
        }
      },
      "19": {
        "start": {
          "line": 56,
          "column": 11
        },
        "end": {
          "line": 60,
          "column": 5
        }
      },
      "20": {
        "start": {
          "line": 59,
          "column": 6
        },
        "end": {
          "line": 59,
          "column": 26
        }
      },
      "21": {
        "start": {
          "line": 63,
          "column": 31
        },
        "end": {
          "line": 63,
          "column": 52
        }
      },
      "22": {
        "start": {
          "line": 64,
          "column": 4
        },
        "end": {
          "line": 64,
          "column": 29
        }
      },
      "23": {
        "start": {
          "line": 68,
          "column": 23
        },
        "end": {
          "line": 86,
          "column": 1
        }
      },
      "24": {
        "start": {
          "line": 69,
          "column": 2
        },
        "end": {
          "line": 85,
          "column": 3
        }
      },
      "25": {
        "start": {
          "line": 70,
          "column": 4
        },
        "end": {
          "line": 78,
          "column": 7
        }
      },
      "26": {
        "start": {
          "line": 79,
          "column": 21
        },
        "end": {
          "line": 79,
          "column": 63
        }
      },
      "27": {
        "start": {
          "line": 81,
          "column": 4
        },
        "end": {
          "line": 81,
          "column": 37
        }
      },
      "28": {
        "start": {
          "line": 83,
          "column": 4
        },
        "end": {
          "line": 83,
          "column": 25
        }
      },
      "29": {
        "start": {
          "line": 84,
          "column": 4
        },
        "end": {
          "line": 84,
          "column": 15
        }
      },
      "30": {
        "start": {
          "line": 88,
          "column": 22
        },
        "end": {
          "line": 96,
          "column": 1
        }
      },
      "31": {
        "start": {
          "line": 89,
          "column": 2
        },
        "end": {
          "line": 95,
          "column": 3
        }
      },
      "32": {
        "start": {
          "line": 90,
          "column": 21
        },
        "end": {
          "line": 90,
          "column": 62
        }
      },
      "33": {
        "start": {
          "line": 91,
          "column": 4
        },
        "end": {
          "line": 91,
          "column": 37
        }
      },
      "34": {
        "start": {
          "line": 93,
          "column": 4
        },
        "end": {
          "line": 93,
          "column": 25
        }
      },
      "35": {
        "start": {
          "line": 94,
          "column": 4
        },
        "end": {
          "line": 94,
          "column": 15
        }
      },
      "36": {
        "start": {
          "line": 99,
          "column": 25
        },
        "end": {
          "line": 107,
          "column": 1
        }
      },
      "37": {
        "start": {
          "line": 100,
          "column": 2
        },
        "end": {
          "line": 106,
          "column": 3
        }
      },
      "38": {
        "start": {
          "line": 101,
          "column": 21
        },
        "end": {
          "line": 101,
          "column": 76
        }
      },
      "39": {
        "start": {
          "line": 102,
          "column": 4
        },
        "end": {
          "line": 102,
          "column": 37
        }
      },
      "40": {
        "start": {
          "line": 104,
          "column": 4
        },
        "end": {
          "line": 104,
          "column": 25
        }
      },
      "41": {
        "start": {
          "line": 105,
          "column": 4
        },
        "end": {
          "line": 105,
          "column": 15
        }
      },
      "42": {
        "start": {
          "line": 108,
          "column": 29
        },
        "end": {
          "line": 116,
          "column": 1
        }
      },
      "43": {
        "start": {
          "line": 109,
          "column": 2
        },
        "end": {
          "line": 115,
          "column": 3
        }
      },
      "44": {
        "start": {
          "line": 110,
          "column": 21
        },
        "end": {
          "line": 110,
          "column": 70
        }
      },
      "45": {
        "start": {
          "line": 111,
          "column": 4
        },
        "end": {
          "line": 111,
          "column": 37
        }
      },
      "46": {
        "start": {
          "line": 113,
          "column": 4
        },
        "end": {
          "line": 113,
          "column": 32
        }
      },
      "47": {
        "start": {
          "line": 118,
          "column": 25
        },
        "end": {
          "line": 130,
          "column": 1
        }
      },
      "48": {
        "start": {
          "line": 120,
          "column": 2
        },
        "end": {
          "line": 129,
          "column": 3
        }
      },
      "49": {
        "start": {
          "line": 122,
          "column": 4
        },
        "end": {
          "line": 122,
          "column": 35
        }
      },
      "50": {
        "start": {
          "line": 123,
          "column": 4
        },
        "end": {
          "line": 123,
          "column": 25
        }
      },
      "51": {
        "start": {
          "line": 124,
          "column": 4
        },
        "end": {
          "line": 124,
          "column": 19
        }
      },
      "52": {
        "start": {
          "line": 125,
          "column": 9
        },
        "end": {
          "line": 129,
          "column": 3
        }
      },
      "53": {
        "start": {
          "line": 127,
          "column": 4
        },
        "end": {
          "line": 127,
          "column": 35
        }
      },
      "54": {
        "start": {
          "line": 128,
          "column": 4
        },
        "end": {
          "line": 128,
          "column": 19
        }
      },
      "55": {
        "start": {
          "line": 131,
          "column": 23
        },
        "end": {
          "line": 143,
          "column": 1
        }
      },
      "56": {
        "start": {
          "line": 134,
          "column": 2
        },
        "end": {
          "line": 142,
          "column": 3
        }
      },
      "57": {
        "start": {
          "line": 136,
          "column": 30
        },
        "end": {
          "line": 136,
          "column": 63
        }
      },
      "58": {
        "start": {
          "line": 137,
          "column": 4
        },
        "end": {
          "line": 137,
          "column": 30
        }
      },
      "59": {
        "start": {
          "line": 140,
          "column": 4
        },
        "end": {
          "line": 140,
          "column": 84
        }
      },
      "60": {
        "start": {
          "line": 144,
          "column": 26
        },
        "end": {
          "line": 181,
          "column": 1
        }
      },
      "61": {
        "start": {
          "line": 146,
          "column": 2
        },
        "end": {
          "line": 180,
          "column": 3
        }
      },
      "62": {
        "start": {
          "line": 150,
          "column": 4
        },
        "end": {
          "line": 150,
          "column": 116
        }
      },
      "63": {
        "start": {
          "line": 151,
          "column": 9
        },
        "end": {
          "line": 180,
          "column": 3
        }
      },
      "64": {
        "start": {
          "line": 155,
          "column": 4
        },
        "end": {
          "line": 155,
          "column": 116
        }
      },
      "65": {
        "start": {
          "line": 156,
          "column": 9
        },
        "end": {
          "line": 180,
          "column": 3
        }
      },
      "66": {
        "start": {
          "line": 160,
          "column": 4
        },
        "end": {
          "line": 160,
          "column": 116
        }
      },
      "67": {
        "start": {
          "line": 162,
          "column": 7
        },
        "end": {
          "line": 180,
          "column": 3
        }
      },
      "68": {
        "start": {
          "line": 163,
          "column": 4
        },
        "end": {
          "line": 163,
          "column": 38
        }
      },
      "69": {
        "start": {
          "line": 164,
          "column": 4
        },
        "end": {
          "line": 164,
          "column": 22
        }
      },
      "70": {
        "start": {
          "line": 167,
          "column": 4
        },
        "end": {
          "line": 167,
          "column": 116
        }
      },
      "71": {
        "start": {
          "line": 168,
          "column": 4
        },
        "end": {
          "line": 168,
          "column": 23
        }
      },
      "72": {
        "start": {
          "line": 170,
          "column": 7
        },
        "end": {
          "line": 180,
          "column": 3
        }
      },
      "73": {
        "start": {
          "line": 174,
          "column": 4
        },
        "end": {
          "line": 174,
          "column": 116
        }
      },
      "74": {
        "start": {
          "line": 179,
          "column": 4
        },
        "end": {
          "line": 179,
          "column": 120
        }
      }
    },
    "fnMap": {
      "0": {
        "name": "(anonymous_0)",
        "decl": {
          "start": {
            "line": 22,
            "column": 39
          },
          "end": {
            "line": 22,
            "column": 40
          }
        },
        "loc": {
          "start": {
            "line": 22,
            "column": 49
          },
          "end": {
            "line": 26,
            "column": 1
          }
        },
        "line": 22
      },
      "1": {
        "name": "(anonymous_1)",
        "decl": {
          "start": {
            "line": 28,
            "column": 40
          },
          "end": {
            "line": 28,
            "column": 41
          }
        },
        "loc": {
          "start": {
            "line": 28,
            "column": 52
          },
          "end": {
            "line": 32,
            "column": 1
          }
        },
        "line": 28
      },
      "2": {
        "name": "(anonymous_2)",
        "decl": {
          "start": {
            "line": 35,
            "column": 22
          },
          "end": {
            "line": 35,
            "column": 23
          }
        },
        "loc": {
          "start": {
            "line": 35,
            "column": 62
          },
          "end": {
            "line": 66,
            "column": 1
          }
        },
        "line": 35
      },
      "3": {
        "name": "(anonymous_3)",
        "decl": {
          "start": {
            "line": 68,
            "column": 23
          },
          "end": {
            "line": 68,
            "column": 24
          }
        },
        "loc": {
          "start": {
            "line": 68,
            "column": 56
          },
          "end": {
            "line": 86,
            "column": 1
          }
        },
        "line": 68
      },
      "4": {
        "name": "(anonymous_4)",
        "decl": {
          "start": {
            "line": 88,
            "column": 22
          },
          "end": {
            "line": 88,
            "column": 23
          }
        },
        "loc": {
          "start": {
            "line": 88,
            "column": 55
          },
          "end": {
            "line": 96,
            "column": 1
          }
        },
        "line": 88
      },
      "5": {
        "name": "(anonymous_5)",
        "decl": {
          "start": {
            "line": 99,
            "column": 25
          },
          "end": {
            "line": 99,
            "column": 26
          }
        },
        "loc": {
          "start": {
            "line": 99,
[...]
      },
      "30": {
        "start": {
          "line": 65,
          "column": 8
        },
        "end": {
          "line": 65,
          "column": 58
        }
      },
      "31": {
        "start": {
          "line": 67,
          "column": 8
        },
        "end": {
          "line": 67,
          "column": 58
        }
      },
      "32": {
        "start": {
          "line": 68,
          "column": 8
        },
        "end": {
          "line": 68,
          "column": 55
        }
      },
      "33": {
        "start": {
          "line": 69,
          "column": 8
        },
        "end": {
          "line": 69,
          "column": 57
        }
      },
      "34": {
        "start": {
          "line": 72,
          "column": 4
        },
        "end": {
          "line": 78,
          "column": 7
        }
      },
      "35": {
        "start": {
          "line": 73,
          "column": 8
        },
        "end": {
          "line": 73,
          "column": 58
        }
      },
      "36": {
        "start": {
          "line": 75,
          "column": 8
        },
        "end": {
          "line": 75,
          "column": 60
        }
      },
      "37": {
        "start": {
          "line": 76,
          "column": 8
        },
        "end": {
          "line": 76,
          "column": 57
        }
      },
      "38": {
        "start": {
          "line": 77,
          "column": 8
        },
        "end": {
          "line": 77,
          "column": 55
        }
      },
      "39": {
        "start": {
          "line": 80,
          "column": 4
        },
        "end": {
          "line": 86,
          "column": 7
        }
      },
      "40": {
        "start": {
          "line": 81,
          "column": 8
        },
        "end": {
          "line": 81,
          "column": 58
        }
      },
      "41": {
        "start": {
          "line": 83,
          "column": 8
        },
        "end": {
          "line": 83,
          "column": 54
        }
      },
      "42": {
        "start": {
          "line": 84,
          "column": 8
        },
        "end": {
          "line": 84,
          "column": 51
        }
      },
      "43": {
        "start": {
          "line": 85,
          "column": 8
        },
        "end": {
          "line": 85,
          "column": 58
        }
      }
    },
    "fnMap": {
      "0": {
        "name": "(anonymous_0)",
        "decl": {
          "start": {
            "line": 11,
            "column": 32
          },
          "end": {
            "line": 11,
            "column": 33
          }
        },
        "loc": {
          "start": {
            "line": 11,
            "column": 38
          },
          "end": {
            "line": 87,
            "column": 1
          }
        },
        "line": 11
      },
      "1": {
        "name": "(anonymous_1)",
        "decl": {
          "start": {
            "line": 12,
            "column": 15
          },
          "end": {
            "line": 12,
            "column": 16
          }
        },
        "loc": {
          "start": {
            "line": 12,
            "column": 21
          },
          "end": {
            "line": 25,
            "column": 5
          }
        },
        "line": 12
      },
      "2": {
        "name": "(anonymous_2)",
        "decl": {
          "start": {
            "line": 27,
            "column": 29
          },
          "end": {
            "line": 27,
            "column": 30
          }
        },
        "loc": {
          "start": {
            "line": 27,
            "column": 35
          },
          "end": {
            "line": 27,
            "column": 38
          }
        },
        "line": 27
      },
      "3": {
        "name": "(anonymous_3)",
        "decl": {
          "start": {
            "line": 29,
            "column": 41
          },
          "end": {
            "line": 29,
            "column": 42
          }
        },
        "loc": {
          "start": {
            "line": 29,
            "column": 47
          },
          "end": {
            "line": 36,
            "column": 5
          }
        },
        "line": 29
      },
      "4": {
        "name": "(anonymous_4)",
        "decl": {
          "start": {
            "line": 38,
            "column": 82
          },
          "end": {
            "line": 38,
            "column": 83
          }
        },
        "loc": {
          "start": {
            "line": 38,
            "column": 88
          },
          "end": {
            "line": 40,
            "column": 5
          }
        },
        "line": 38
      },
      "5": {
        "name": "(anonymous_5)",
        "decl": {
          "start": {
            "line": 42,
            "column": 77
          },
          "end": {
            "line": 42,
            "column": 78
          }
        },
        "loc": {
          "start": {
            "line": 42,
            "column": 83
          },
          "end": {
            "line": 44,
            "column": 5
          }
        },
        "line": 42
      },
      "6": {
        "name": "(anonymous_6)",
        "decl": {
          "start": {
            "line": 46,
            "column": 111
          },
          "end": {
            "line": 46,
            "column": 112
          }
        },
        "loc": {
          "start": {
            "line": 46,
            "column": 117
          },
          "end": {
            "line": 55,
            "column": 5
          }
        },
        "line": 46
      },
      "7": {
        "name": "(anonymous_7)",
        "decl": {
          "start": {
            "line": 56,
            "column": 72
          },
          "end": {
            "line": 56,
            "column": 73
          }
        },
        "loc": {
          "start": {
            "line": 56,
            "column": 78
          },
          "end": {
            "line": 62,
            "column": 5
          }
        },
        "line": 56
      },
      "8": {
        "name": "(anonymous_8)",
        "decl": {
          "start": {
            "line": 64,
            "column": 76
          },
          "end": {
            "line": 64,
            "column": 77
          }
        },
        "loc": {
          "start": {
            "line": 64,
            "column": 82
          },
          "end": {
            "line": 70,
            "column": 5
          }
        },
        "line": 64
      },
      "9": {
        "name": "(anonymous_9)",
        "decl": {
          "start": {
            "line": 72,
            "column": 78
          },
          "end": {
            "line": 72,
            "column": 79
          }
        },
        "loc": {
          "start": {
            "line": 72,
            "column": 84
          },
          "end": {
            "line": 78,
            "column": 5
          }
        },
        "line": 72
      },
      "10": {
        "name": "(anonymous_10)",
        "decl": {
          "start": {
            "line": 80,
            "column": 72
          },
          "end": {
            "line": 80,
            "column": 73
          }
        },
        "loc": {
          "start": {
            "line": 80,
            "column": 78
          },
          "end": {
            "line": 86,
            "column": 5
          }
        },
        "line": 80
      }
    },
    "branchMap": {},
    "s": {
      "0": 1,
      "1": 0,
      "2": 0,
      "3": 0,
      "4": 0,
      "5": 0,
      "6": 0,
      "7": 0,
      "8": 0,
      "9": 0,
      "10": 0,
      "11": 0,
      "12": 0,
      "13": 0,
      "14": 0,
      "15": 0,
      "16": 0,
      "17": 0,
      "18": 0,
      "19": 0,
      "20": 0,
      "21": 0,
      "22": 0,
      "23": 0,
      "24": 0,
      "25": 0,
      "26": 0,
      "27": 0,
      "28": 0,
      "29": 0,
      "30": 0,
      "31": 0,
      "32": 0,
      "33": 0,
      "34": 0,
      "35": 0,
      "36": 0,
      "37": 0,
      "38": 0,
      "39": 0,
      "40": 0,
      "41": 0,
      "42": 0,
      "43": 0
    },
    "f": {
      "0": 0,
      "1": 0,
      "2": 0,
      "3": 0,
      "4": 0,
      "5": 0,
      "6": 0,
      "7": 0,
      "8": 0,
      "9": 0,
      "10": 0
    },
    "b": {},
    "_coverageSchema": "1a1c01bbd47fc00a2c39e90264f33305004495a9",
    "hash": "950db7a8ddfdc3e2a4290260942a832558bf7691"
  },
  "E:\\workspace\\THPTPM\\BookWorld\\FE\\cypress\\e2e\\my_bookshelf.cy.js": {
    "path": "E:\\workspace\\THPTPM\\BookWorld\\FE\\cypress\\e2e\\my_bookshelf.cy.js",
    "statementMap": {
      "0": {
        "start": {
          "line": 4,
          "column": 0
        },
        "end": {
          "line": 38,
          "column": 3
        }
      },
      "1": {
        "start": {
          "line": 5,
          "column": 4
        },
        "end": {
          "line": 21,
          "column": 7
        }
      },
      "2": {
        "start": {
          "line": 7,
          "column": 8
        },
        "end": {
          "line": 7,
          "column": 27
        }
      },
      "3": {
        "start": {
          "line": 9,
          "column": 8
        },
        "end": {
          "line": 10,
          "column": 46
        }
      },
      "4": {
        "start": {
          "line": 11,
          "column": 8
        },
        "end": {
          "line": 12,
          "column": 27
        }
      },
      "5": {
        "start": {
          "line": 13,
          "column": 8
        },
        "end": {
          "line": 16,
          "column": 23
        }
      },
      "6": {
        "start": {
          "line": 17,
          "column": 8
        },
        "end": {
          "line": 17,
          "column": 67
        }
      },
      "7": {
        "start": {
          "line": 18,
          "column": 8
        },
        "end": {
          "line": 18,
          "column": 58
        }
      },
      "8": {
        "start": {
          "line": 20,
          "column": 8
        },
        "end": {
          "line": 20,
          "column": 62
        }
      },
      "9": {
        "start": {
          "line": 23,
          "column": 4
        },
        "end": {
          "line": 23,
          "column": 53
        }
      },
      "10": {
        "start": {
          "line": 24,
          "column": 4
        },
        "end": {
          "line": 32,
          "column": 7
        }
      },
      "11": {
        "start": {
          "line": 26,
          "column": 8
        },
        "end": {
          "line": 26,
          "column": 52
        }
      },
      "12": {
        "start": {
          "line": 27,
          "column": 8
        },
        "end": {
          "line": 27,
          "column": 52
        }
      },
      "13": {
        "start": {
          "line": 28,
          "column": 8
        },
        "end": {
          "line": 28,
          "column": 56
        }
      },
      "14": {
        "start": {
          "line": 29,
          "column": 8
        },
        "end": {
          "line": 29,
          "column": 56
        }
      },
      "15": {
        "start": {
          "line": 30,
          "column": 8
        },
        "end": {
          "line": 30,
          "column": 57
        }
      },
      "16": {
        "start": {
          "line": 31,
          "column": 8
        },
        "end": {
          "line": 31,
          "column": 53
        }
      },
      "17": {
        "start": {
          "line": 33,
          "column": 4
        },
        "end": {
          "line": 36,
          "column": 7
        }
      },
      "18": {
        "start": {
          "line": 34,
          "column": 8
        },
        "end": {
          "line": 34,
          "column": 70
        }
      },
      "19": {
        "start": {
          "line": 35,
          "column": 8
        },
        "end": {
          "line": 35,
          "column": 51
        }
      }
    },
    "fnMap": {
      "0": {
        "name": "(anonymous_0)",
        "decl": {
          "start": {
            "line": 4,
            "column": 60
          },
          "end": {
            "line": 4,
            "column": 61
          }
        },
        "loc": {
          "start": {
            "line": 4,
            "column": 66
          },
          "end": {
            "line": 38,
            "column": 1
          }
        },
        "line": 4
      },
      "1": {
        "name": "(anonymous_1)",
        "decl": {
          "start": {
            "line": 5,
            "column": 15
          },
          "end": {
            "line": 5,
            "column": 16
          }
        },
        "loc": {
          "start": {
            "line": 5,
            "column": 21
          },
          "end": {
            "line": 21,
            "column": 5
          }
        },
        "line": 5
      },
      "2": {
        "name": "(anonymous_2)",
        "decl": {
          "start": {
            "line": 23,
            "column": 42
          },
          "end": {
            "line": 23,
            "column": 43
          }
        },
        "loc": {
          "start": {
            "line": 23,
            "column": 48
          },
          "end": {
            "line": 23,
            "column": 51
          }
        },
        "line": 23
      },
      "3": {
        "name": "(anonymous_3)",
        "decl": {
          "start": {
            "line": 24,
            "column": 50
          },
          "end": {
            "line": 24,
            "column": 51
          }
        },
        "loc": {
          "start": {
            "line": 24,
            "column": 56
          },
          "end": {
            "line": 32,
            "column": 5
          }
        },
        "line": 24
      },
      "4": {
        "name": "(anonymous_4)",
        "decl": {
          "start": {
            "line": 33,
            "column": 59
          },
          "end": {
            "line": 33,
            "column": 60
          }
        },
        "loc": {
          "start": {
            "line": 33,
            "column": 65
          },
          "end": {
            "line": 36,
            "column": 5
          }
        },
        "line": 33
      }
    },
    "branchMap": {},
    "s": {
      "0": 1,
      "1": 1,
      "2": 1,
      "3": 1,
      "4": 1,
      "5": 1,
      "6": 1,
      "7": 1,
      "8": 1,
      "9": 1,
      "10": 1,
      "11": 0,
      "12": 0,
      "13": 0,
      "14": 0,
      "15": 0,
      "16": 0,
      "17": 1,
      "18": 0,
      "19": 0
    },
    "f": {
      "0": 1,
      "1": 1,
      "2": 0,
      "3": 0,
      "4": 0
    },
    "b": {},
    "_coverageSchema": "1a1c01bbd47fc00a2c39e90264f33305004495a9",
    "hash": "5085de4aaa9ce61f676bc59e290edc2bd2ac9a1a"
  },
  "E:\\workspace\\THPTPM\\BookWorld\\FE\\cypress\\e2e\\signup.cy.js": {
    "path": "E:\\workspace\\THPTPM\\BookWorld\\FE\\cypress\\e2e\\signup.cy.js",
    "statementMap": {
      "0": {
        "start": {
          "line": 2,
          "column": 0
        },
        "end": {
          "line": 51,
          "column": 3
        }
      },
      "1": {
        "start": {
          "line": 3,
          "column": 4
        },
        "end": {
          "line": 5,
          "column": 7
        }
      },
      "2": {
        "start": {
          "line": 4,
          "column": 8
        },
        "end": {
          "line": 4,
          "column": 30
        }
      },
      "3": {
        "start": {
          "line": 6,
          "column": 4
        },
        "end": {
          "line": 13,
          "column": 7
        }
      },
      "4": {
        "start": {
          "line": 7,
          "column": 8
        },
        "end": {
          "line": 8,
          "column": 66
        }
      },
      "5": {
        "start": {
          "line": 9,
          "column": 8
        },
        "end": {
          "line": 10,
          "column": 59
        }
      },
      "6": {
        "start": {
          "line": 11,
          "column": 8
        },
        "end": {
          "line": 11,
          "column": 33
        }
      },
      "7": {
        "start": {
          "line": 12,
          "column": 8
        },
        "end": {
          "line": 12,
          "column": 36
        }
      },
      "8": {
        "start": {
          "line": 15,
          "column": 4
        },
        "end": {
          "line": 31,
          "column": 7
        }
      },
      "9": {
        "start": {
          "line": 16,
          "column": 8
        },
        "end": {
          "line": 17,
          "column": 36
        }
      },
      "10": {
        "start": {
          "line": 18,
          "column": 8
        },
        "end": {
          "line": 19,
          "column": 27
        }
      },
      "11": {
        "start": {
          "line": 20,
          "column": 8
        },
        "end": {
          "line": 20,
          "column": 39
        }
      },
      "12": {
        "start": {
          "line": 21,
          "column": 8
        },
        "end": {
          "line": 21,
          "column": 98
        }
      },
      "13": {
        "start": {
          "line": 23,
          "column": 8
        },
        "end": {
          "line": 26,
          "column": 23
        }
      },
      "14": {
        "start": {
          "line": 27,
          "column": 8
        },
        "end": {
          "line": 27,
          "column": 21
        }
      },
      "15": {
        "start": {
          "line": 28,
          "column": 8
        },
        "end": {
          "line": 28,
          "column": 59
        }
      }
    },
    "fnMap": {
      "0": {
        "name": "(anonymous_0)",
        "decl": {
          "start": {
            "line": 2,
            "column": 25
          },
          "end": {
            "line": 2,
            "column": 26
          }
        },
        "loc": {
          "start": {
            "line": 2,
            "column": 31
          },
          "end": {
            "line": 51,
            "column": 1
          }
        },
        "line": 2
      },
      "1": {
        "name": "(anonymous_1)",
        "decl": {
          "start": {
            "line": 3,
            "column": 15
          },
          "end": {
            "line": 3,
            "column": 16
          }
        },
        "loc": {
          "start": {
            "line": 3,
            "column": 21
          },
          "end": {
            "line": 5,
            "column": 5
          }
        },
        "line": 3
      },
      "2": {
        "name": "(anonymous_2)",
        "decl": {
          "start": {
            "line": 6,
            "column": 65
          },
          "end": {
            "line": 6,
            "column": 66
          }
        },
        "loc": {
          "start": {
            "line": 6,
            "column": 71
          },
          "end": {
            "line": 13,
            "column": 5
          }
        },
        "line": 6
      },
      "3": {
        "name": "(anonymous_3)",
        "decl": {
          "start": {
            "line": 15,
            "column": 64
          },
          "end": {
            "line": 15,
            "column": 65
          }
        },
        "loc": {
          "start": {
            "line": 15,
            "column": 70
          },
          "end": {
            "line": 31,
            "column": 5
          }
        },
        "line": 15
      }
    },
    "branchMap": {},
    "s": {
      "0": 1,
      "1": 1,
      "2": 2,
      "3": 1,
      "4": 1,
      "5": 1,
      "6": 1,
      "7": 1,
      "8": 1,
      "9": 1,
      "10": 1,
      "11": 1,
      "12": 1,
      "13": 1,
      "14": 1,
      "15": 1
    },
    "f": {
      "0": 1,
      "1": 2,
      "2": 1,
      "3": 1
    },
    "b": {},
    "_coverageSchema": "1a1c01bbd47fc00a2c39e90264f33305004495a9",
    "hash": "ab463fad5e8ccc2bc372594117c7dee56dc537b2"
  }
}