{
  "E:\\workspace\\THPTPM\\BookWorld\\FE\\src\\context\\GlobalContext.js": {
    "path": "E:\\workspace\\THPTPM\\BookWorld\\FE\\src\\context\\GlobalContext.js",
    "statementMap": {
      "0": {
        "start": {
          "line": 3,
          "column": 29
        },
        "end": {
          "line": 3,
          "column": 44
        }
      }
    },
    "fnMap": {},
    "branchMap": {},
    "s": {
      "0": 2
    },
    "f": {},
    "b": {},
    "_coverageSchema": "1a1c01bbd47fc00a2c39e90264f33305004495a9",
    "hash": "e4a1738ea1fa0f1dea497e823d9b5d098938e9db"
  },
  "E:\\workspace\\THPTPM\\BookWorld\\FE\\src\\helper\\format.js": {
    "path": "E:\\workspace\\THPTPM\\BookWorld\\FE\\src\\helper\\format.js",
    "statementMap": {
      "0": {
        "start": {
          "line": 8,
          "column": 36
        },
        "end": {
          "line": 28,
          "column": 1
        }
      },
      "1": {
        "start": {
          "line": 9,
          "column": 4
        },
        "end": {
          "line": 27,
          "column": 5
        }
      },
      "2": {
        "start": {
          "line": 10,
          "column": 8
        },
        "end": {
          "line": 22,
          "column": 9
        }
      },
      "3": {
        "start": {
          "line": 11,
          "column": 12
        },
        "end": {
          "line": 15,
          "column": 13
        }
      },
      "4": {
        "start": {
          "line": 11,
          "column": 25
        },
        "end": {
          "line": 11,
          "column": 26
        }
      },
      "5": {
        "start": {
          "line": 12,
          "column": 16
        },
        "end": {
          "line": 14,
          "column": 17
        }
      },
      "6": {
        "start": {
          "line": 13,
          "column": 20
        },
        "end": {
          "line": 13,
          "column": 29
        }
      },
      "7": {
        "start": {
          "line": 17,
          "column": 12
        },
        "end": {
          "line": 21,
          "column": 13
        }
      },
      "8": {
        "start": {
          "line": 17,
          "column": 25
        },
        "end": {
          "line": 17,
          "column": 26
        }
      },
      "9": {
        "start": {
          "line": 18,
          "column": 16
        },
        "end": {
          "line": 20,
          "column": 17
        }
      },
      "10": {
        "start": {
          "line": 19,
          "column": 20
        },
        "end": {
          "line": 19,
          "column": 29
        }
      },
      "11": {
        "start": {
          "line": 24,
          "column": 8
        },
        "end": {
          "line": 24,
          "column": 18
        }
      },
      "12": {
        "start": {
          "line": 26,
          "column": 8
        },
        "end": {
          "line": 26,
          "column": 84
        }
      },
      "13": {
        "start": {
          "line": 37,
          "column": 4
        },
        "end": {
          "line": 58,
          "column": 5
        }
      },
      "14": {
        "start": {
          "line": 38,
          "column": 26
        },
        "end": {
          "line": 38,
          "column": 28
        }
      },
      "15": {
        "start": {
          "line": 40,
          "column": 8
        },
        "end": {
          "line": 50,
          "column": 9
        }
      },
      "16": {
        "start": {
          "line": 40,
          "column": 21
        },
        "end": {
          "line": 40,
          "column": 22
        }
      },
      "17": {
        "start": {
          "line": 41,
          "column": 12
        },
        "end": {
          "line": 49,
          "column": 13
        }
      },
      "18": {
        "start": {
          "line": 42,
          "column": 16
        },
        "end": {
          "line": 42,
          "column": 57
        }
      },
      "19": {
        "start": {
          "line": 44,
          "column": 16
        },
        "end": {
          "line": 48,
          "column": 17
        }
      },
      "20": {
        "start": {
          "line": 45,
          "column": 20
        },
        "end": {
          "line": 45,
          "column": 61
        }
      },
      "21": {
        "start": {
          "line": 47,
          "column": 20
        },
        "end": {
          "line": 47,
          "column": 47
        }
      },
      "22": {
        "start": {
          "line": 52,
          "column": 8
        },
        "end": {
          "line": 52,
          "column": 27
        }
      },
      "23": {
        "start": {
          "line": 54,
          "column": 8
        },
        "end": {
          "line": 57,
          "column": 10
        }
      },
      "24": {
        "start": {
          "line": 68,
          "column": 4
        },
        "end": {
          "line": 100,
          "column": 5
        }
      },
      "25": {
        "start": {
          "line": 69,
          "column": 8
        },
        "end": {
          "line": 71,
          "column": 9
        }
      },
      "26": {
        "start": {
          "line": 70,
          "column": 12
        },
        "end": {
          "line": 70,
          "column": 22
        }
      },
      "27": {
        "start": {
          "line": 73,
          "column": 27
        },
        "end": {
          "line": 73,
          "column": 45
        }
      },
      "28": {
        "start": {
          "line": 75,
          "column": 31
        },
        "end": {
          "line": 75,
          "column": 63
        }
      },
      "29": {
        "start": {
          "line": 77,
          "column": 8
        },
        "end": {
          "line": 95,
          "column": 9
        }
      },
      "30": {
        "start": {
          "line": 78,
          "column": 12
        },
        "end": {
          "line": 85,
          "column": 38
        }
      },
      "31": {
        "start": {
          "line": 86,
          "column": 15
        },
        "end": {
          "line": 95,
          "column": 9
        }
      },
      "32": {
        "start": {
          "line": 87,
          "column": 12
        },
        "end": {
          "line": 94,
          "column": 38
        }
      },
      "33": {
        "start": {
          "line": 97,
          "column": 8
        },
        "end": {
          "line": 97,
          "column": 32
        }
      },
      "34": {
        "start": {
          "line": 99,
          "column": 8
        },
        "end": {
          "line": 99,
          "column": 78
        }
      },
      "35": {
        "start": {
          "line": 109,
          "column": 4
        },
        "end": {
          "line": 122,
          "column": 5
        }
      },
      "36": {
        "start": {
          "line": 110,
          "column": 8
        },
        "end": {
          "line": 112,
          "column": 9
        }
      },
      "37": {
        "start": {
          "line": 111,
          "column": 12
        },
        "end": {
          "line": 111,
          "column": 22
        }
      },
      "38": {
        "start": {
          "line": 114,
          "column": 26
        },
        "end": {
          "line": 117,
          "column": 10
        }
      },
      "39": {
        "start": {
          "line": 119,
          "column": 8
        },
        "end": {
          "line": 119,
          "column": 42
        }
      },
      "40": {
        "start": {
          "line": 121,
          "column": 8
        },
        "end": {
          "line": 121,
          "column": 82
        }
      },
      "41": {
        "start": {
          "line": 130,
          "column": 29
        },
        "end": {
          "line": 144,
          "column": 1
        }
      },
      "42": {
        "start": {
          "line": 131,
          "column": 4
        },
        "end": {
          "line": 141,
          "column": 5
        }
      },
      "43": {
        "start": {
          "line": 132,
          "column": 8
        },
        "end": {
          "line": 140,
          "column": 9
        }
      },
      "44": {
        "start": {
          "line": 137,
          "column": 12
        },
        "end": {
          "line": 139,
          "column": 13
        }
      },
      "45": {
        "start": {
          "line": 138,
          "column": 16
        },
        "end": {
          "line": 138,
          "column": 28
        }
      },
      "46": {
        "start": {
          "line": 143,
          "column": 4
        },
        "end": {
          "line": 143,
          "column": 17
        }
      },
      "47": {
        "start": {
          "line": 152,
          "column": 28
        },
        "end": {
          "line": 163,
          "column": 1
        }
      },
      "48": {
        "start": {
          "line": 153,
          "column": 4
        },
        "end": {
          "line": 162,
          "column": 5
        }
      },
      "49": {
        "start": {
          "line": 154,
          "column": 8
        },
        "end": {
          "line": 159,
          "column": 10
        }
      },
      "50": {
        "start": {
          "line": 155,
          "column": 12
        },
        "end": {
          "line": 158,
          "column": 26
        }
      },
      "51": {
        "start": {
          "line": 161,
          "column": 8
        },
        "end": {
          "line": 161,
          "column": 79
        }
      },
      "52": {
        "start": {
          "line": 175,
          "column": 30
        },
        "end": {
          "line": 178,
          "column": 1
        }
      },
      "53": {
        "start": {
          "line": 176,
          "column": 19
        },
        "end": {
          "line": 176,
          "column": 98
        }
      },
      "54": {
        "start": {
          "line": 176,
          "column": 47
        },
        "end": {
          "line": 176,
          "column": 87
        }
      },
      "55": {
        "start": {
          "line": 177,
          "column": 4
        },
        "end": {
          "line": 177,
          "column": 18
        }
      },
      "56": {
        "start": {
          "line": 206,
          "column": 47
        },
        "end": {
          "line": 248,
          "column": 1
        }
      },
      "57": {
        "start": {
          "line": 207,
          "column": 22
        },
        "end": {
          "line": 207,
          "column": 24
        }
      },
      "58": {
        "start": {
          "line": 208,
          "column": 17
        },
        "end": {
          "line": 208,
          "column": 53
        }
      },
      "59": {
        "start": {
          "line": 209,
          "column": 17
        },
        "end": {
          "line": 209,
          "column": 19
        }
      },
      "60": {
        "start": {
          "line": 211,
          "column": 4
        },
        "end": {
          "line": 243,
          "column": 6
        }
      },
      "61": {
        "start": {
          "line": 212,
          "column": 23
        },
        "end": {
          "line": 216,
          "column": 9
        }
      },
      "62": {
        "start": {
          "line": 218,
          "column": 26
        },
        "end": {
          "line": 218,
          "column": 36
        }
      },
      "63": {
        "start": {
          "line": 219,
          "column": 27
        },
        "end": {
          "line": 219,
          "column": 41
        }
      },
      "64": {
        "start": {
          "line": 220,
          "column": 8
        },
        "end": {
          "line": 220,
          "column": 29
        }
      },
      "65": {
        "start": {
          "line": 222,
          "column": 8
        },
        "end": {
          "line": 235,
          "column": 11
        }
      },
      "66": {
        "start": {
          "line": 223,
          "column": 12
        },
        "end": {
          "line": 234,
          "column": 13
        }
      },
      "67": {
        "start": {
          "line": 227,
          "column": 33
        },
        "end": {
          "line": 227,
          "column": 47
        }
      },
      "68": {
        "start": {
          "line": 230,
          "column": 16
        },
        "end": {
          "line": 230,
          "column": 36
        }
      },
      "69": {
        "start": {
          "line": 233,
          "column": 16
        },
        "end": {
          "line": 233,
          "column": 38
        }
      },
      "70": {
        "start": {
          "line": 237,
          "column": 8
        },
        "end": {
          "line": 241,
          "column": 15
        }
      },
      "71": {
        "start": {
          "line": 238,
          "column": 27
        },
        "end": {
          "line": 238,
          "column": 49
        }
      },
      "72": {
        "start": {
          "line": 240,
          "column": 16
        },
        "end": {
          "line": 240,
          "column": 100
        }
      },
      "73": {
        "start": {
          "line": 242,
          "column": 8
        },
        "end": {
          "line": 242,
          "column": 32
        }
      },
      "74": {
        "start": {
          "line": 246,
          "column": 4
        },
        "end": {
          "line": 246,
          "column": 23
        }
      },
      "75": {
        "start": {
          "line": 251,
          "column": 42
        },
        "end": {
          "line": 274,
          "column": 1
        }
      },
      "76": {
        "start": {
          "line": 253,
          "column": 16
        },
        "end": {
          "line": 253,
          "column": 43
        }
      },
      "77": {
        "start": {
          "line": 253,
          "column": 38
        },
        "end": {
          "line": 253,
          "column": 42
        }
      },
      "78": {
        "start": {
          "line": 254,
          "column": 19
        },
        "end": {
          "line": 272,
          "column": 6
        }
      },
      "79": {
        "start": {
          "line": 255,
          "column": 25
        },
        "end": {
          "line": 260,
          "column": 10
        }
      },
      "80": {
        "start": {
          "line": 256,
          "column": 12
        },
        "end": {
          "line": 258,
          "column": 13
        }
      },
      "81": {
        "start": {
          "line": 257,
          "column": 16
        },
        "end": {
          "line": 257,
          "column": 28
        }
      },
      "82": {
        "start": {
          "line": 259,
          "column": 12
        },
        "end": {
          "line": 259,
          "column": 25
        }
      },
      "83": {
        "start": {
          "line": 262,
          "column": 8
        },
        "end": {
          "line": 264,
          "column": 9
        }
      },
      "84": {
        "start": {
          "line": 263,
          "column": 12
        },
        "end": {
          "line": 263,
          "column": 39
        }
      },
      "85": {
        "start": {
          "line": 265,
          "column": 8
        },
        "end": {
          "line": 265,
          "column": 22
        }
      },
      "86": {
        "start": {
          "line": 267,
          "column": 8
        },
        "end": {
          "line": 270,
          "column": 9
        }
      },
      "87": {
        "start": {
          "line": 269,
          "column": 12
        },
        "end": {
          "line": 269,
          "column": 24
        }
      },
      "88": {
        "start": {
          "line": 271,
          "column": 8
        },
        "end": {
          "line": 271,
          "column": 21
        }
      },
      "89": {
        "start": {
          "line": 273,
          "column": 4
        },
        "end": {
          "line": 273,
          "column": 17
        }
      }
    },
    "fnMap": {
      "0": {
        "name": "(anonymous_0)",
        "decl": {
          "start": {
            "line": 8,
            "column": 36
          },
          "end": {
            "line": 8,
            "column": 37
          }
        },
        "loc": {
          "start": {
            "line": 8,
            "column": 74
          },
          "end": {
            "line": 28,
            "column": 1
          }
        },
        "line": 8
      },
      "1": {
        "name": "capitalizeFirstLetter",
        "decl": {
          "start": {
            "line": 36,
            "column": 16
          },
          "end": {
            "line": 36,
            "column": 37
          }
        },
        "loc": {
          "start": {
            "line": 36,
            "column": 48
          },
          "end": {
            "line": 59,
            "column": 1
          }
        },
        "line": 36
      },
      "2": {
        "name": "formatToDate",
        "decl": {
          "start": {
            "line": 67,
            "column": 16
          },
          "end": {
            "line": 67,
            "column": 28
          }
        },
        "loc": {
          "start": {
            "line": 67,
            "column": 51
          },
          "end": {
            "line": 101,
            "column": 1
          }
        },
        "line": 67
      },
      "3": {
        "name": "formatToCurrency",
        "decl": {
          "start": {
            "line": 108,
            "column": 16
          },
          "end": {
            "line": 108,
            "column": 32
          }
        },
        "loc": {
          "start": {
            "line": 108,
            "column": 43
          },
          "end": {
            "line": 123,
            "column": 1
          }
        },
        "line": 108
      },
      "4": {
        "name": "(anonymous_4)",
        "decl": {
          "start": {
            "line": 130,
            "column": 29
          },
          "end": {
            "line": 130,
            "column": 30
          }
        },
        "loc": {
          "start": {
            "line": 130,
            "column": 57
          },
          "end": {
            "line": 144,
            "column": 1
          }
        },
        "line": 130
      },
      "5": {
        "name": "(anonymous_5)",
        "decl": {
          "start": {
            "line": 152,
            "column": 28
          },
          "end": {
            "line": 152,
            "column": 29
          }
        },
        "loc": {
          "start": {
            "line": 152,
            "column": 34
          },
          "end": {
            "line": 163,
            "column": 1
          }
        },
        "line": 152
      },
      "6": {
        "name": "(anonymous_6)",
        "decl": {
          "start": {
            "line": 154,
            "column": 70
          },
          "end": {
            "line": 154,
            "column": 71
          }
        },
        "loc": {
          "start": {
            "line": 155,
            "column": 12
          },
          "end": {
            "line": 158,
            "column": 26
          }
        },
        "line": 155
      },
      "7": {
        "name": "(anonymous_7)",
        "decl": {
          "start": {
            "line": 175,
            "column": 30
          },
          "end": {
            "line": 175,
            "column": 31
          }
        },
        "loc": {
          "start": {
            "line": 175,
            "column": 39
          },
          "end": {
            "line": 178,
            "column": 1
          }
        },
        "line": 175
      },
      "8": {
        "name": "(anonymous_8)",
        "decl": {
          "start": {
            "line": 176,
            "column": 40
          },
          "end": {
            "line": 176,
            "column": 41
          }
        },
        "loc": {
          "start": {
            "line": 176,
            "column": 47
          },
          "end": {
            "line": 176,
            "column": 87
          }
        },
        "line": 176
      },
      "9": {
        "name": "(anonymous_9)",
        "decl": {
          "start": {
            "line": 206,
            "column": 47
          },
          "end": {
            "line": 206,
            "column": 48
          }
        },
        "loc": {
          "start": {
            "line": 206,
            "column": 61
          },
          "end": {
            "line": 248,
            "column": 1
          }
        },
        "line": 206
      },
      "10": {
        "name": "(anonymous_10)",
        "decl": {
          "start": {
            "line": 211,
            "column": 21
          },
          "end": {
            "line": 211,
            "column": 22
          }
        },
        "loc": {
          "start": {
            "line": 211,
            "column": 30
          },
          "end": {
            "line": 243,
            "column": 5
          }
        },
        "line": 211
      },
      "11": {
        "name": "(anonymous_11)",
        "decl": {
          "start": {
            "line": 222,
            "column": 21
          },
          "end": {
            "line": 222,
            "column": 22
          }
        },
        "loc": {
          "start": {
            "line": 222,
            "column": 28
          },
          "end": {
            "line": 235,
            "column": 9
          }
        },
        "line": 222
      },
      "12": {
        "name": "(anonymous_12)",
        "decl": {
          "start": {
            "line": 238,
            "column": 20
          },
          "end": {
            "line": 238,
            "column": 21
          }
        },
        "loc": {
          "start": {
            "line": 238,
            "column": 27
          },
          "end": {
            "line": 238,
            "column": 49
          }
        },
        "line": 238
      },
      "13": {
        "name": "(anonymous_13)",
        "decl": {
          "start": {
            "line": 239,
            "column": 21
          },
          "end": {
            "line": 239,
            "column": 22
          }
        },
        "loc": {
          "start": {
            "line": 239,
            "column": 28
          },
          "end": {
            "line": 241,
            "column": 13
          }
        },
        "line": 239
      },
      "14": {
        "name": "(anonymous_14)",
        "decl": {
          "start": {
            "line": 251,
            "column": 42
          },
          "end": {
            "line": 251,
            "column": 43
          }
        },
        "loc": {
          "start": {
            "line": 251,
            "column": 58
          },
          "end": {
            "line": 274,
            "column": 1
          }
        },
        "line": 251
      },
      "15": {
        "name": "(anonymous_15)",
        "decl": {
          "start": {
            "line": 253,
            "column": 31
          },
          "end": {
            "line": 253,
            "column": 32
          }
        },
        "loc": {
          "start": {
            "line": 253,
            "column": 38
          },
          "end": {
            "line": 253,
            "column": 42
          }
        },
        "line": 253
      },
      "16": {
        "name": "(anonymous_16)",
        "decl": {
          "start": {
            "line": 254,
            "column": 34
          },
          "end": {
            "line": 254,
            "column": 35
          }
        },
        "loc": {
          "start": {
            "line": 254,
            "column": 46
          },
          "end": {
            "line": 266,
            "column": 5
          }
        },
        "line": 254
      },
      "17": {
        "name": "(anonymous_17)",
        "decl": {
          "start": {
            "line": 255,
            "column": 43
          },
          "end": {
            "line": 255,
            "column": 44
          }
        },
        "loc": {
          "start": {
            "line": 255,
            "column": 54
          },
          "end": {
            "line": 260,
            "column": 9
          }
        },
        "line": 255
      },
      "18": {
        "name": "(anonymous_18)",
        "decl": {
          "start": {
            "line": 266,
            "column": 14
          },
          "end": {
            "line": 266,
            "column": 15
          }
        },
        "loc": {
          "start": {
            "line": 266,
            "column": 23
          },
          "end": {
            "line": 272,
            "column": 5
          }
        },
        "line": 266
      }
    },
    "branchMap": {
      "0": {
        "loc": {
          "start": {
            "line": 10,
            "column": 8
          },
          "end": {
            "line": 22,
            "column": 9
          }
        },
        "type": "if",
        "locations": [
          {
            "start": {
              "line": 10,
              "column": 8
            },
            "end": {
              "line": 22,
              "column": 9
            }
          },
          {
            "start": {
              "line": 16,
              "column": 15
            },
            "end": {
              "line": 22,
              "column": 9
            }
          }
        ],
        "line": 10
      },
      "1": {
        "loc": {
          "start": {
            "line": 10,
            "column": 12
          },
          "end": {
            "line": 10,
            "column": 37
          }
        },
        "type": "binary-expr",
        "locations": [
          {
            "start": {
              "line": 10,
              "column": 12
            },
            "end": {
              "line": 10,
              "column": 23
            }
          },
          {
            "start": {
              "line": 10,
              "column": 27
            },
            "end": {
              "line": 10,
              "column": 37
            }
          }
        ],
        "line": 10
      },
      "2": {
        "loc": {
          "start": {
            "line": 12,
            "column": 16
          },
          "end": {
            "line": 14,
            "column": 17
          }
        },
        "type": "if",
        "locations": [
          {
            "start": {
              "line": 12,
              "column": 16
            },
            "end": {
              "line": 14,
              "column": 17
            }
          },
          {
            "start": {},
            "end": {}
          }
        ],
        "line": 12
      },
      "3": {
        "loc": {
          "start": {
            "line": 18,
            "column": 16
          },
          "end": {
            "line": 20,
            "column": 17
          }
        },
        "type": "if",
        "locations": [
          {
            "start": {
              "line": 18,
              "column": 16
            },
            "end": {
              "line": 20,
              "column": 17
            }
          },
          {
            "start": {},
            "end": {}
          }
        ],
        "line": 18
      },
      "4": {
        "loc": {
          "start": {
            "line": 41,
            "column": 12
          },
          "end": {
            "line": 49,
            "column": 13
          }
        },
        "type": "if",
        "locations": [
          {
            "start": {
              "line": 41,
              "column": 12
            },
            "end": {
              "line": 49,
              "column": 13
            }
          },
          {
            "start": {
              "line": 43,
              "column": 19
            },
            "end": {
              "line": 49,
              "column": 13
            }
          }
        ],
        "line": 41
      },
      "5": {
        "loc": {
          "start": {
            "line": 44,
            "column": 16
          },
          "end": {
            "line": 48,
            "column": 17
          }
        },
        "type": "if",
        "locations": [
          {
            "start": {
              "line": 44,
              "column": 16
            },
            "end": {
              "line": 48,
              "column": 17
            }
          },
          {
            "start": {
              "line": 46,
              "column": 23
            },
            "end": {
              "line": 48,
              "column": 17
            }
          }
        ],
        "line": 44
      },
      "6": {
        "loc": {
          "start": {
            "line": 69,
            "column": 8
          },
          "end": {
            "line": 71,
            "column": 9
          }
        },
        "type": "if",
        "locations": [
          {
            "start": {
              "line": 69,
              "column": 8
            },
            "end": {
              "line": 71,
              "column": 9
            }
          },
          {
            "start": {},
            "end": {}
          }
        ],
        "line": 69
      },
      "7": {
        "loc": {
          "start": {
            "line": 77,
            "column": 8
          },
          "end": {
            "line": 95,
            "column": 9
          }
        },
        "type": "if",
        "locations": [
          {
            "start": {
              "line": 77,
              "column": 8
            },
            "end": {
              "line": 95,
              "column": 9
            }
          },
          {
            "start": {
              "line": 86,
              "column": 15
            },
            "end": {
              "line": 95,
              "column": 9
            }
          }
        ],
        "line": 77
      },
      "8": {
        "loc": {
          "start": {
            "line": 79,
            "column": 19
          },
          "end": {
            "line": 81,
            "column": 44
          }
        },
        "type": "cond-expr",
        "locations": [
          {
            "start": {
              "line": 80,
              "column": 22
            },
            "end": {
              "line": 80,
              "column": 50
            }
          },
          {
            "start": {
              "line": 81,
              "column": 22
            },
            "end": {
              "line": 81,
              "column": 44
            }
          }
        ],
        "line": 79
      },
      "9": {
        "loc": {
          "start": {
            "line": 82,
            "column": 20
          },
          "end": {
            "line": 84,
            "column": 49
          }
        },
        "type": "cond-expr",
        "locations": [
          {
            "start": {
              "line": 83,
              "column": 22
            },
            "end": {
              "line": 83,
              "column": 57
            }
          },
          {
            "start": {
              "line": 84,
              "column": 22
            },
            "end": {
              "line": 84,
              "column": 49
            }
          }
        ],
        "line": 82
      },
      "10": {
        "loc": {
          "start": {
            "line": 86,
            "column": 15
          },
          "end": {
            "line": 95,
            "column": 9
          }
        },
        "type": "if",
        "locations": [
          {
            "start": {
              "line": 86,
              "column": 15
            },
            "end": {
              "line": 95,
              "column": 9
            }
          },
          {
            "start": {},
            "end": {}
          }
        ],
        "line": 86
      },
      "11": {
        "loc": {
          "start": {
            "line": 88,
            "column": 19
          },
          "end": {
            "line": 90,
            "column": 49
          }
        },
        "type": "cond-expr",
        "locations": [
          {
            "start": {
              "line": 89,
              "column": 22
            },
            "end": {
              "line": 89,
              "column": 57
            }
          },
          {
            "start": {
              "line": 90,
              "column": 22
            },
            "end": {
              "line": 90,
              "column": 49
            }
          }
        ],
        "line": 88
      },
      "12": {
        "loc": {
          "start": {
            "line": 91,
            "column": 20
          },
          "end": {
            "line": 93,
            "column": 44
          }
        },
        "type": "cond-expr",
        "locations": [
          {
            "start": {
              "line": 92,
              "column": 22
            },
            "end": {
              "line": 92,
              "column": 50
            }
          },
          {
            "start": {
              "line": 93,
              "column": 22
            },
            "end": {
              "line": 93,
              "column": 44
            }
          }
        ],
        "line": 91
      },
      "13": {
        "loc": {
          "start": {
            "line": 110,
            "column": 8
          },
          "end": {
            "line": 112,
            "column": 9
          }
        },
        "type": "if",
        "locations": [
          {
            "start": {
              "line": 110,
              "column": 8
            },
            "end": {
              "line": 112,
              "column": 9
            }
          },
          {
            "start": {},
            "end": {}
          }
        ],
        "line": 110
      },
      "14": {
        "loc": {
          "start": {
            "line": 110,
            "column": 12
          },
          "end": {
            "line": 110,
            "column": 47
          }
        },
        "type": "binary-expr",
        "locations": [
          {
            "start": {
              "line": 110,
              "column": 12
            },
            "end": {
              "line": 110,
              "column": 26
            }
          },
          {
            "start": {
              "line": 110,
              "column": 30
            },
            "end": {
              "line": 110,
              "column": 47
            }
          }
        ],
        "line": 110
      },
      "15": {
        "loc": {
          "start": {
            "line": 132,
            "column": 8
          },
          "end": {
            "line": 140,
            "column": 9
          }
        },
        "type": "if",
        "locations": [
          {
            "start": {
              "line": 132,
              "column": 8
            },
            "end": {
              "line": 140,
              "column": 9
            }
          },
          {
            "start": {
              "line": 136,
              "column": 15
            },
            "end": {
              "line": 140,
              "column": 9
            }
          }
        ],
        "line": 132
      },
      "16": {
        "loc": {
          "start": {
            "line": 133,
            "column": 12
          },
          "end": {
            "line": 134,
            "column": 58
          }
        },
        "type": "binary-expr",
        "locations": [
          {
            "start": {
              "line": 133,
              "column": 13
            },
            "end": {
              "line": 133,
              "column": 32
            }
          },
          {
            "start": {
              "line": 133,
              "column": 36
            },
            "end": {
              "line": 133,
              "column": 57
            }
          },
          {
            "start": {
              "line": 134,
              "column": 13
            },
            "end": {
              "line": 134,
              "column": 32
            }
          },
          {
            "start": {
              "line": 134,
              "column": 36
            },
            "end": {
              "line": 134,
              "column": 57
            }
          }
        ],
        "line": 133
      },
      "17": {
        "loc": {
          "start": {
            "line": 137,
            "column": 12
          },
          "end": {
            "line": 139,
            "column": 13
          }
        },
        "type": "if",
        "locations": [
          {
            "start": {
              "line": 137,
              "column": 12
            },
            "end": {
              "line": 139,
              "column": 13
            }
          },
          {
            "start": {},
            "end": {}
          }
        ],
        "line": 137
      },
      "18": {
        "loc": {
          "start": {
            "line": 223,
            "column": 12
          },
          "end": {
            "line": 234,
            "column": 13
          }
        },
        "type": "if",
        "locations": [
          {
            "start": {
              "line": 223,
              "column": 12
            },
            "end": {
              "line": 234,
              "column": 13
            }
          },
          {
            "start": {
              "line": 231,
              "column": 19
            },
            "end": {
              "line": 234,
              "column": 13
            }
          }
        ],
        "line": 223
      },
      "19": {
        "loc": {
          "start": {
            "line": 223,
            "column": 16
          },
          "end": {
            "line": 223,
            "column": 61
          }
        },
        "type": "binary-expr",
        "locations": [
          {
            "start": {
              "line": 223,
              "column": 16
            },
            "end": {
              "line": 223,
              "column": 41
            }
          },
          {
            "start": {
              "line": 223,
              "column": 45
            },
            "end": {
              "line": 223,
              "column": 61
            }
          }
        ],
        "line": 223
      },
      "20": {
        "loc": {
          "start": {
            "line": 240,
            "column": 46
          },
          "end": {
            "line": 240,
            "column": 99
          }
        },
        "type": "cond-expr",
        "locations": [
          {
            "start": {
              "line": 240,
              "column": 94
            },
            "end": {
              "line": 240,
              "column": 95
            }
          },
          {
            "start": {
              "line": 240,
              "column": 98
            },
            "end": {
              "line": 240,
              "column": 99
            }
          }
        ],
        "line": 240
      },
      "21": {
        "loc": {
          "start": {
            "line": 240,
            "column": 47
          },
          "end": {
            "line": 240,
            "column": 90
          }
        },
        "type": "binary-expr",
        "locations": [
          {
            "start": {
              "line": 240,
              "column": 47
            },
            "end": {
              "line": 240,
              "column": 64
            }
          },
          {
            "start": {
              "line": 240,
              "column": 68
            },
            "end": {
              "line": 240,
              "column": 90
            }
          }
        ],
        "line": 240
      },
      "22": {
        "loc": {
          "start": {
            "line": 256,
            "column": 12
          },
          "end": {
            "line": 258,
            "column": 13
          }
        },
        "type": "if",
        "locations": [
          {
            "start": {
              "line": 256,
              "column": 12
            },
            "end": {
              "line": 258,
              "column": 13
            }
          },
          {
            "start": {},
            "end": {}
          }
        ],
        "line": 256
      },
      "23": {
        "loc": {
          "start": {
            "line": 256,
            "column": 16
          },
          "end": {
            "line": 256,
            "column": 75
          }
        },
        "type": "binary-expr",
        "locations": [
          {
            "start": {
              "line": 256,
              "column": 16
            },
            "end": {
              "line": 256,
              "column": 43
            }
          },
          {
            "start": {
              "line": 256,
              "column": 47
            },
            "end": {
              "line": 256,
              "column": 75
            }
          }
        ],
        "line": 256
      },
      "24": {
        "loc": {
          "start": {
            "line": 262,
            "column": 8
          },
          "end": {
            "line": 264,
            "column": 9
          }
        },
        "type": "if",
        "locations": [
          {
            "start": {
              "line": 262,
              "column": 8
            },
            "end": {
              "line": 264,
              "column": 9
            }
          },
          {
            "start": {},
            "end": {}
          }
        ],
        "line": 262
      },
      "25": {
        "loc": {
          "start": {
            "line": 267,
            "column": 8
          },
          "end": {
            "line": 270,
            "column": 9
          }
        },
        "type": "if",
        "locations": [
          {
            "start": {
              "line": 267,
              "column": 8
            },
            "end": {
              "line": 270,
              "column": 9
            }
          },
          {
            "start": {},
            "end": {}
          }
        ],
        "line": 267
      },
      "26": {
        "loc": {
          "start": {
            "line": 267,
            "column": 12
          },
          "end": {
            "line": 267,
            "column": 66
          }
        },
        "type": "binary-expr",
        "locations": [
          {
            "start": {
              "line": 267,
              "column": 12
            },
            "end": {
              "line": 267,
              "column": 35
            }
          },
          {
            "start": {
              "line": 267,
              "column": 39
            },
            "end": {
              "line": 267,
              "column": 66
            }
          }
        ],
        "line": 267
      }
    },
    "s": {
      "0": 2,
      "1": 40,
      "2": 40,
      "3": 0,
      "4": 0,
      "5": 0,
      "6": 0,
      "7": 40,
      "8": 40,
      "9": 32,
      "10": 20,
      "11": 12,
      "12": 8,
      "13": 0,
      "14": 0,
      "15": 0,
      "16": 0,
      "17": 0,
      "18": 0,
      "19": 0,
      "20": 0,
      "21": 0,
      "22": 0,
      "23": 0,
      "24": 1,
      "25": 1,
      "26": 1,
      "27": 0,
      "28": 0,
      "29": 0,
      "30": 0,
      "31": 0,
      "32": 0,
      "33": 0,
      "34": 0,
      "35": 0,
      "36": 0,
      "37": 0,
      "38": 0,
      "39": 0,
      "40": 0,
      "41": 2,
      "42": 0,
      "43": 0,
      "44": 0,
      "45": 0,
      "46": 0,
      "47": 2,
      "48": 58,
      "49": 58,
      "50": 1798,
      "51": 0,
      "52": 2,
      "53": 3,
      "54": 3,
      "55": 3,
      "56": 2,
      "57": 0,
      "58": 0,
      "59": 0,
      "60": 0,
      "61": 0,
      "62": 0,
      "63": 0,
      "64": 0,
      "65": 0,
      "66": 0,
      "67": 0,
      "68": 0,
      "69": 0,
      "70": 0,
      "71": 0,
      "72": 0,
      "73": 0,
      "74": 0,
      "75": 2,
      "76": 4,
      "77": 10,
      "78": 4,
      "79": 10,
      "80": 50,
      "81": 4,
      "82": 46,
      "83": 10,
      "84": 4,
      "85": 10,
      "86": 10,
      "87": 6,
      "88": 4,
      "89": 4
    },
    "f": {
      "0": 40,
      "1": 0,
      "2": 1,
      "3": 0,
      "4": 0,
      "5": 58,
      "6": 1798,
      "7": 3,
      "8": 3,
      "9": 0,
      "10": 0,
      "11": 0,
      "12": 0,
      "13": 0,
      "14": 4,
      "15": 10,
      "16": 10,
      "17": 50,
      "18": 10
    },
    "b": {
      "0": [
        0,
        40
      ],
      "1": [
        40,
        40
      ],
      "2": [
        0,
        0
      ],
      "3": [
        20,
        12
      ],
      "4": [
        0,
        0
      ],
      "5": [
        0,
        0
      ],
      "6": [
        1,
        0
      ],
      "7": [
        0,
        0
      ],
      "8": [
        0,
        0
      ],
      "9": [
        0,
        0
      ],
      "10": [
        0,
        0
      ],
      "11": [
        0,
        0
      ],
      "12": [
        0,
        0
      ],
      "13": [
        0,
        0
      ],
      "14": [
        0,
        0
      ],
      "15": [
        0,
        0
      ],
      "16": [
        0,
        0,
        0,
        0
      ],
      "17": [
        0,
        0
      ],
      "18": [
        0,
        0
      ],
      "19": [
        0,
        0
      ],
      "20": [
        0,
        0
      ],
      "21": [
        0,
        0
      ],
      "22": [
        4,
        46
      ],
      "23": [
        50,
        50
      ],
      "24": [
        4,
        6
      ],
      "25": [
        6,
        4
      ],
      "26": [
        10,
        10
      ]
    },
    "_coverageSchema": "1a1c01bbd47fc00a2c39e90264f33305004495a9",
    "hash": "5e7252050999d0c8a20864016793dbc6b4e759f4"
  },
  "E:\\workspace\\THPTPM\\BookWorld\\FE\\src\\services\\token.service.js": {
    "path": "E:\\workspace\\THPTPM\\BookWorld\\FE\\src\\services\\token.service.js",
    "statementMap": {
      "0": {
        "start": {
          "line": 4,
          "column": 17
        },
        "end": {
          "line": 4,
          "column": 57
        }
      },
      "1": {
        "start": {
          "line": 5,
          "column": 4
        },
        "end": {
          "line": 5,
          "column": 30
        }
      },
      "2": {
        "start": {
          "line": 9,
          "column": 17
        },
        "end": {
          "line": 9,
          "column": 57
        }
      },
      "3": {
        "start": {
          "line": 10,
          "column": 4
        },
        "end": {
          "line": 10,
          "column": 35
        }
      },
      "4": {
        "start": {
          "line": 14,
          "column": 17
        },
        "end": {
          "line": 14,
          "column": 57
        }
      },
      "5": {
        "start": {
          "line": 15,
          "column": 4
        },
        "end": {
          "line": 15,
          "column": 55
        }
      },
      "6": {
        "start": {
          "line": 16,
          "column": 4
        },
        "end": {
          "line": 16,
          "column": 68
        }
      },
      "7": {
        "start": {
          "line": 21,
          "column": 4
        },
        "end": {
          "line": 21,
          "column": 59
        }
      },
      "8": {
        "start": {
          "line": 24,
          "column": 15
        },
        "end": {
          "line": 24,
          "column": 55
        }
      },
      "9": {
        "start": {
          "line": 25,
          "column": 4
        },
        "end": {
          "line": 25,
          "column": 29
        }
      },
      "10": {
        "start": {
          "line": 26,
          "column": 4
        },
        "end": {
          "line": 26,
          "column": 55
        }
      },
      "11": {
        "start": {
          "line": 30,
          "column": 4
        },
        "end": {
          "line": 30,
          "column": 52
        }
      },
      "12": {
        "start": {
          "line": 34,
          "column": 4
        },
        "end": {
          "line": 34,
          "column": 67
        }
      },
      "13": {
        "start": {
          "line": 38,
          "column": 4
        },
        "end": {
          "line": 38,
          "column": 59
        }
      },
      "14": {
        "start": {
          "line": 42,
          "column": 4
        },
        "end": {
          "line": 42,
          "column": 38
        }
      },
      "15": {
        "start": {
          "line": 43,
          "column": 4
        },
        "end": {
          "line": 43,
          "column": 55
        }
      },
      "16": {
        "start": {
          "line": 47,
          "column": 4
        },
        "end": {
          "line": 47,
          "column": 79
        }
      },
      "17": {
        "start": {
          "line": 50,
          "column": 4
        },
        "end": {
          "line": 50,
          "column": 36
        }
      }
    },
    "fnMap": {
      "0": {
        "name": "(anonymous_0)",
        "decl": {
          "start": {
            "line": 3,
            "column": 2
          },
          "end": {
            "line": 3,
            "column": 3
          }
        },
        "loc": {
          "start": {
            "line": 3,
            "column": 25
          },
          "end": {
            "line": 6,
            "column": 3
          }
        },
        "line": 3
      },
      "1": {
        "name": "(anonymous_1)",
        "decl": {
          "start": {
            "line": 8,
            "column": 2
          },
          "end": {
            "line": 8,
            "column": 3
          }
        },
        "loc": {
          "start": {
            "line": 8,
            "column": 24
          },
          "end": {
            "line": 11,
            "column": 3
          }
        },
        "line": 8
      },
      "2": {
        "name": "(anonymous_2)",
        "decl": {
          "start": {
            "line": 13,
            "column": 2
          },
          "end": {
            "line": 13,
            "column": 3
          }
        },
        "loc": {
          "start": {
            "line": 13,
            "column": 20
          },
          "end": {
            "line": 17,
            "column": 3
          }
        },
        "line": 13
      },
      "3": {
        "name": "(anonymous_3)",
        "decl": {
          "start": {
            "line": 20,
            "column": 2
          },
          "end": {
            "line": 20,
            "column": 3
          }
        },
        "loc": {
          "start": {
            "line": 20,
            "column": 22
          },
          "end": {
            "line": 22,
            "column": 3
          }
        },
        "line": 20
      },
      "4": {
        "name": "(anonymous_4)",
        "decl": {
          "start": {
            "line": 23,
            "column": 2
          },
          "end": {
            "line": 23,
            "column": 3
          }
        },
        "loc": {
          "start": {
            "line": 23,
            "column": 32
          },
          "end": {
            "line": 27,
            "column": 3
          }
        },
        "line": 23
      },
      "5": {
        "name": "(anonymous_5)",
        "decl": {
          "start": {
            "line": 29,
            "column": 2
          },
          "end": {
            "line": 29,
            "column": 3
          }
        },
        "loc": {
          "start": {
            "line": 29,
            "column": 12
          },
          "end": {
            "line": 31,
            "column": 3
          }
        },
        "line": 29
      },
      "6": {
        "name": "(anonymous_6)",
        "decl": {
          "start": {
            "line": 32,
            "column": 2
          },
          "end": {
            "line": 32,
            "column": 3
          }
        },
        "loc": {
          "start": {
            "line": 32,
            "column": 20
          },
          "end": {
            "line": 35,
            "column": 3
          }
        },
        "line": 32
      },
      "7": {
        "name": "(anonymous_7)",
        "decl": {
          "start": {
            "line": 37,
            "column": 2
          },
          "end": {
            "line": 37,
            "column": 3
          }
        },
        "loc": {
          "start": {
            "line": 37,
            "column": 19
          },
          "end": {
            "line": 39,
            "column": 3
          }
        },
        "line": 37
      },
      "8": {
        "name": "(anonymous_8)",
        "decl": {
          "start": {
            "line": 41,
            "column": 2
          },
          "end": {
            "line": 41,
            "column": 3
          }
        },
        "loc": {
          "start": {
            "line": 41,
            "column": 16
          },
          "end": {
            "line": 44,
            "column": 3
          }
        },
        "line": 41
      },
      "9": {
        "name": "(anonymous_9)",
        "decl": {
          "start": {
            "line": 46,
            "column": 2
          },
          "end": {
            "line": 46,
            "column": 3
          }
        },
        "loc": {
          "start": {
            "line": 46,
            "column": 40
          },
          "end": {
            "line": 48,
            "column": 3
          }
        },
        "line": 46
      },
      "10": {
        "name": "(anonymous_10)",
        "decl": {
          "start": {
            "line": 49,
            "column": 2
          },
          "end": {
            "line": 49,
            "column": 3
          }
        },
        "loc": {
          "start": {
            "line": 49,
            "column": 15
          },
          "end": {
            "line": 51,
            "column": 3
          }
        },
        "line": 49
      }
    },
    "branchMap": {},
    "s": {
      "0": 0,
      "1": 0,
      "2": 16,
      "3": 16,
      "4": 20,
      "5": 20,
      "6": 20,
      "7": 0,
      "8": 0,
      "9": 0,
      "10": 0,
      "11": 3,
      "12": 76,
      "13": 3,
      "14": 1,
      "15": 1,
      "16": 0,
      "17": 0
    },
    "f": {
      "0": 0,
      "1": 16,
      "2": 20,
      "3": 0,
      "4": 0,
      "5": 3,
      "6": 76,
      "7": 3,
      "8": 1,
      "9": 0,
      "10": 0
    },
    "b": {},
    "_coverageSchema": "1a1c01bbd47fc00a2c39e90264f33305004495a9",
    "hash": "b64d469be01ab1decbeb8901cf683c4e968957c8"
  },
  "E:\\workspace\\THPTPM\\BookWorld\\FE\\src\\helper\\BSHAREenum.js": {
    "path": "E:\\workspace\\THPTPM\\BookWorld\\FE\\src\\helper\\BSHAREenum.js",
    "statementMap": {
      "0": {
        "start": {
          "line": 1,
          "column": 18
        },
        "end": {
          "line": 72,
          "column": 2
        }
      }
    },
    "fnMap": {},
    "branchMap": {},
    "s": {
      "0": 2
    },
    "f": {},
    "b": {},
    "_coverageSchema": "1a1c01bbd47fc00a2c39e90264f33305004495a9",
    "hash": "edbaaab583873fd9a7858db0b321d2f92f1cb078"
  },
  "E:\\workspace\\THPTPM\\BookWorld\\FE\\src\\entity\\base\\baseEntity.js": {
    "path": "E:\\workspace\\THPTPM\\BookWorld\\FE\\src\\entity\\base\\baseEntity.js",
    "statementMap": {
      "0": {
        "start": {
          "line": 4,
          "column": 8
        },
        "end": {
          "line": 4,
          "column": 34
        }
      }
    },
    "fnMap": {
      "0": {
        "name": "(anonymous_0)",
        "decl": {
          "start": {
            "line": 3,
            "column": 4
          },
          "end": {
            "line": 3,
            "column": 5
          }
        },
        "loc": {
          "start": {
            "line": 3,
            "column": 18
          },
          "end": {
            "line": 5,
            "column": 5
          }
        },
        "line": 3
      }
    },
    "branchMap": {},
    "s": {
      "0": 58
    },
    "f": {
      "0": 58
    },
    "b": {},
    "_coverageSchema": "1a1c01bbd47fc00a2c39e90264f33305004495a9",
    "hash": "b06c9596f23880597866831369ace803ec23d902"
  },
  "E:\\workspace\\THPTPM\\BookWorld\\FE\\src\\entity\\bookEntity.js": {
    "path": "E:\\workspace\\THPTPM\\BookWorld\\FE\\src\\entity\\bookEntity.js",
    "statementMap": {
      "0": {
        "start": {
          "line": 4,
          "column": 8
        },
        "end": {
          "line": 4,
          "column": 16
        }
      },
      "1": {
        "start": {
          "line": 5,
          "column": 8
        },
        "end": {
          "line": 5,
          "column": 44
        }
      },
      "2": {
        "start": {
          "line": 6,
          "column": 8
        },
        "end": {
          "line": 6,
          "column": 29
        }
      },
      "3": {
        "start": {
          "line": 7,
          "column": 8
        },
        "end": {
          "line": 7,
          "column": 21
        }
      },
      "4": {
        "start": {
          "line": 8,
          "column": 8
        },
        "end": {
          "line": 8,
          "column": 25
        }
      },
      "5": {
        "start": {
          "line": 9,
          "column": 8
        },
        "end": {
          "line": 9,
          "column": 39
        }
      },
      "6": {
        "start": {
          "line": 10,
          "column": 8
        },
        "end": {
          "line": 10,
          "column": 35
        }
      },
      "7": {
        "start": {
          "line": 11,
          "column": 8
        },
        "end": {
          "line": 11,
          "column": 39
        }
      },
      "8": {
        "start": {
          "line": 12,
          "column": 8
        },
        "end": {
          "line": 12,
          "column": 39
        }
      },
      "9": {
        "start": {
          "line": 13,
          "column": 8
        },
        "end": {
          "line": 13,
          "column": 35
        }
      },
      "10": {
        "start": {
          "line": 14,
          "column": 8
        },
        "end": {
          "line": 14,
          "column": 45
        }
      },
      "11": {
        "start": {
          "line": 15,
          "column": 8
        },
        "end": {
          "line": 15,
          "column": 33
        }
      },
      "12": {
        "start": {
          "line": 16,
          "column": 8
        },
        "end": {
          "line": 16,
          "column": 37
        }
      },
      "13": {
        "start": {
          "line": 17,
          "column": 8
        },
        "end": {
          "line": 17,
          "column": 29
        }
      }
    },
    "fnMap": {
      "0": {
        "name": "(anonymous_0)",
        "decl": {
          "start": {
            "line": 3,
            "column": 4
          },
          "end": {
            "line": 3,
            "column": 5
          }
        },
        "loc": {
          "start": {
            "line": 3,
            "column": 159
          },
          "end": {
            "line": 18,
            "column": 5
          }
        },
        "line": 3
      }
    },
    "branchMap": {
      "0": {
        "loc": {
          "start": {
            "line": 3,
            "column": 144
          },
          "end": {
            "line": 3,
            "column": 155
          }
        },
        "type": "default-arg",
        "locations": [
          {
            "start": {
              "line": 3,
              "column": 153
            },
            "end": {
              "line": 3,
              "column": 155
            }
          }
        ],
        "line": 3
      },
      "1": {
        "loc": {
          "start": {
            "line": 14,
            "column": 23
          },
          "end": {
            "line": 14,
            "column": 44
          }
        },
        "type": "cond-expr",
        "locations": [
          {
            "start": {
              "line": 14,
              "column": 33
            },
            "end": {
              "line": 14,
              "column": 40
            }
          },
          {
            "start": {
              "line": 14,
              "column": 43
            },
            "end": {
              "line": 14,
              "column": 44
            }
          }
        ],
        "line": 14
      }
    },
    "s": {
      "0": 58,
      "1": 58,
      "2": 58,
      "3": 58,
      "4": 58,
      "5": 58,
      "6": 58,
      "7": 58,
      "8": 58,
      "9": 58,
      "10": 58,
      "11": 58,
      "12": 58,
      "13": 58
    },
    "f": {
      "0": 58
    },
    "b": {
      "0": [
        0
      ],
      "1": [
        5,
        53
      ]
    },
    "_coverageSchema": "1a1c01bbd47fc00a2c39e90264f33305004495a9",
    "hash": "803e81be6e541d7969903a0698eca342333affbe"
  },
  "E:\\workspace\\THPTPM\\BookWorld\\FE\\src\\helper\\BSHAREresource.js": {
    "path": "E:\\workspace\\THPTPM\\BookWorld\\FE\\src\\helper\\BSHAREresource.js",
    "statementMap": {
      "0": {
        "start": {
          "line": 4,
          "column": 23
        },
        "end": {
          "line": 6,
          "column": 1
        }
      },
      "1": {
        "start": {
          "line": 7,
          "column": 19
        },
        "end": {
          "line": 7,
          "column": 62
        }
      },
      "2": {
        "start": {
          "line": 8,
          "column": 32
        },
        "end": {
          "line": 8,
          "column": 46
        }
      },
      "3": {
        "start": {
          "line": 9,
          "column": 34
        },
        "end": {
          "line": 128,
          "column": 1
        }
      },
      "4": {
        "start": {
          "line": 10,
          "column": 4
        },
        "end": {
          "line": 10,
          "column": 43
        }
      },
      "5": {
        "start": {
          "line": 11,
          "column": 4
        },
        "end": {
          "line": 11,
          "column": 58
        }
      },
      "6": {
        "start": {
          "line": 12,
          "column": 4
        },
        "end": {
          "line": 127,
          "column": 5
        }
      },
      "7": {
        "start": {
          "line": 129,
          "column": 23
        },
        "end": {
          "line": 316,
          "column": 1
        }
      }
    },
    "fnMap": {
      "0": {
        "name": "(anonymous_0)",
        "decl": {
          "start": {
            "line": 9,
            "column": 34
          },
          "end": {
            "line": 9,
            "column": 35
          }
        },
        "loc": {
          "start": {
            "line": 9,
            "column": 56
          },
          "end": {
            "line": 128,
            "column": 1
          }
        },
        "line": 9
      }
    },
    "branchMap": {},
    "s": {
      "0": 2,
      "1": 2,
      "2": 2,
      "3": 2,
      "4": 1,
      "5": 1,
      "6": 1,
      "7": 2
    },
    "f": {
      "0": 1
    },
    "b": {},
    "_coverageSchema": "1a1c01bbd47fc00a2c39e90264f33305004495a9",
    "hash": "d721fc8c3a61e4aae4e9d87c1550bf8697f46f26"
  },
  "E:\\workspace\\THPTPM\\BookWorld\\FE\\src\\helper\\notifyDisplay.js": {
    "path": "E:\\workspace\\THPTPM\\BookWorld\\FE\\src\\helper\\notifyDisplay.js",
    "statementMap": {
      "0": {
        "start": {
          "line": 2,
          "column": 14
        },
        "end": {
          "line": 8,
          "column": 2
        }
      },
      "1": {
        "start": {
          "line": 11,
          "column": 27
        },
        "end": {
          "line": 15,
          "column": 1
        }
      },
      "2": {
        "start": {
          "line": 12,
          "column": 21
        },
        "end": {
          "line": 12,
          "column": 55
        }
      },
      "3": {
        "start": {
          "line": 13,
          "column": 4
        },
        "end": {
          "line": 13,
          "column": 27
        }
      },
      "4": {
        "start": {
          "line": 14,
          "column": 4
        },
        "end": {
          "line": 14,
          "column": 44
        }
      },
      "5": {
        "start": {
          "line": 17,
          "column": 27
        },
        "end": {
          "line": 22,
          "column": 1
        }
      },
      "6": {
        "start": {
          "line": 18,
          "column": 21
        },
        "end": {
          "line": 18,
          "column": 55
        }
      },
      "7": {
        "start": {
          "line": 19,
          "column": 4
        },
        "end": {
          "line": 19,
          "column": 27
        }
      },
      "8": {
        "start": {
          "line": 20,
          "column": 4
        },
        "end": {
          "line": 20,
          "column": 43
        }
      }
    },
    "fnMap": {
      "0": {
        "name": "(anonymous_0)",
        "decl": {
          "start": {
            "line": 11,
            "column": 27
          },
          "end": {
            "line": 11,
            "column": 28
          }
        },
        "loc": {
          "start": {
            "line": 11,
            "column": 33
          },
          "end": {
            "line": 15,
            "column": 1
          }
        },
        "line": 11
      },
      "1": {
        "name": "(anonymous_1)",
        "decl": {
          "start": {
            "line": 17,
            "column": 27
          },
          "end": {
            "line": 17,
            "column": 28
          }
        },
        "loc": {
          "start": {
            "line": 17,
            "column": 33
          },
          "end": {
            "line": 22,
            "column": 1
          }
        },
        "line": 17
      }
    },
    "branchMap": {},
    "s": {
      "0": 2,
      "1": 2,
      "2": 0,
      "3": 0,
      "4": 0,
      "5": 2,
      "6": 0,
      "7": 0,
      "8": 0
    },
    "f": {
      "0": 0,
      "1": 0
    },
    "b": {},
    "_coverageSchema": "1a1c01bbd47fc00a2c39e90264f33305004495a9",
    "hash": "c401c9864fb9b518e5bddd6822f8243eebe769e0"
  },
  "E:\\workspace\\THPTPM\\BookWorld\\FE\\src\\services\\api.js": {
    "path": "E:\\workspace\\THPTPM\\BookWorld\\FE\\src\\services\\api.js",
    "statementMap": {
      "0": {
        "start": {
          "line": 8,
          "column": 14
        },
        "end": {
          "line": 14,
          "column": 2
        }
      },
      "1": {
        "start": {
          "line": 15,
          "column": 0
        },
        "end": {
          "line": 15,
          "column": 47
        }
      },
      "2": {
        "start": {
          "line": 16,
          "column": 27
        },
        "end": {
          "line": 20,
          "column": 2
        }
      },
      "3": {
        "start": {
          "line": 22,
          "column": 0
        },
        "end": {
          "line": 26,
          "column": 2
        }
      },
      "4": {
        "start": {
          "line": 24,
          "column": 2
        },
        "end": {
          "line": 24,
          "column": 15
        }
      },
      "5": {
        "start": {
          "line": 25,
          "column": 2
        },
        "end": {
          "line": 25,
          "column": 15
        }
      },
      "6": {
        "start": {
          "line": 28,
          "column": 0
        },
        "end": {
          "line": 32,
          "column": 2
        }
      },
      "7": {
        "start": {
          "line": 30,
          "column": 2
        },
        "end": {
          "line": 30,
          "column": 15
        }
      },
      "8": {
        "start": {
          "line": 31,
          "column": 2
        },
        "end": {
          "line": 31,
          "column": 17
        }
      },
      "9": {
        "start": {
          "line": 35,
          "column": 22
        },
        "end": {
          "line": 67,
          "column": 1
        }
      },
      "10": {
        "start": {
          "line": 36,
          "column": 2
        },
        "end": {
          "line": 36,
          "column": 21
        }
      },
      "11": {
        "start": {
          "line": 37,
          "column": 2
        },
        "end": {
          "line": 39,
          "column": 3
        }
      },
      "12": {
        "start": {
          "line": 38,
          "column": 4
        },
        "end": {
          "line": 38,
          "column": 53
        }
      },
      "13": {
        "start": {
          "line": 40,
          "column": 2
        },
        "end": {
          "line": 66,
          "column": 3
        }
      },
      "14": {
        "start": {
          "line": 41,
          "column": 4
        },
        "end": {
          "line": 49,
          "column": 7
        }
      },
      "15": {
        "start": {
          "line": 50,
          "column": 4
        },
        "end": {
          "line": 50,
          "column": 23
        }
      },
      "16": {
        "start": {
          "line": 51,
          "column": 21
        },
        "end": {
          "line": 51,
          "column": 62
        }
      },
      "17": {
        "start": {
          "line": 53,
          "column": 4
        },
        "end": {
          "line": 61,
          "column": 5
        }
      },
      "18": {
        "start": {
          "line": 55,
          "column": 6
        },
        "end": {
          "line": 55,
          "column": 32
        }
      },
      "19": {
        "start": {
          "line": 56,
          "column": 6
        },
        "end": {
          "line": 56,
          "column": 26
        }
      },
      "20": {
        "start": {
          "line": 57,
          "column": 11
        },
        "end": {
          "line": 61,
          "column": 5
        }
      },
      "21": {
        "start": {
          "line": 60,
          "column": 6
        },
        "end": {
          "line": 60,
          "column": 26
        }
      },
      "22": {
        "start": {
          "line": 64,
          "column": 31
        },
        "end": {
          "line": 64,
          "column": 52
        }
      },
      "23": {
        "start": {
          "line": 65,
          "column": 4
        },
        "end": {
          "line": 65,
          "column": 29
        }
      },
      "24": {
        "start": {
          "line": 69,
          "column": 23
        },
        "end": {
          "line": 87,
          "column": 1
        }
      },
      "25": {
        "start": {
          "line": 70,
          "column": 2
        },
        "end": {
          "line": 86,
          "column": 3
        }
      },
      "26": {
        "start": {
          "line": 71,
          "column": 4
        },
        "end": {
          "line": 79,
          "column": 7
        }
      },
      "27": {
        "start": {
          "line": 80,
          "column": 21
        },
        "end": {
          "line": 80,
          "column": 63
        }
      },
      "28": {
        "start": {
          "line": 82,
          "column": 4
        },
        "end": {
          "line": 82,
          "column": 37
        }
      },
      "29": {
        "start": {
          "line": 84,
          "column": 4
        },
        "end": {
          "line": 84,
          "column": 25
        }
      },
      "30": {
        "start": {
          "line": 85,
          "column": 4
        },
        "end": {
          "line": 85,
          "column": 15
        }
      },
      "31": {
        "start": {
          "line": 91,
          "column": 24
        },
        "end": {
          "line": 109,
          "column": 1
        }
      },
      "32": {
        "start": {
          "line": 92,
          "column": 2
        },
        "end": {
          "line": 108,
          "column": 3
        }
      },
      "33": {
        "start": {
          "line": 93,
          "column": 4
        },
        "end": {
          "line": 101,
          "column": 7
        }
      },
      "34": {
        "start": {
          "line": 102,
          "column": 21
        },
        "end": {
          "line": 102,
          "column": 64
        }
      },
      "35": {
        "start": {
          "line": 104,
          "column": 4
        },
        "end": {
          "line": 104,
          "column": 37
        }
      },
      "36": {
        "start": {
          "line": 106,
          "column": 4
        },
        "end": {
          "line": 106,
          "column": 25
        }
      },
      "37": {
        "start": {
          "line": 107,
          "column": 4
        },
        "end": {
          "line": 107,
          "column": 15
        }
      },
      "38": {
        "start": {
          "line": 111,
          "column": 22
        },
        "end": {
          "line": 119,
          "column": 1
        }
      },
      "39": {
        "start": {
          "line": 112,
          "column": 2
        },
        "end": {
          "line": 118,
          "column": 3
        }
      },
      "40": {
        "start": {
          "line": 113,
          "column": 21
        },
        "end": {
          "line": 113,
          "column": 62
        }
      },
      "41": {
        "start": {
          "line": 114,
          "column": 4
        },
        "end": {
          "line": 114,
          "column": 37
        }
      },
      "42": {
        "start": {
          "line": 116,
          "column": 4
        },
        "end": {
          "line": 116,
          "column": 25
        }
      },
      "43": {
        "start": {
          "line": 117,
          "column": 4
        },
        "end": {
          "line": 117,
          "column": 15
        }
      },
      "44": {
        "start": {
          "line": 122,
          "column": 25
        },
        "end": {
          "line": 130,
          "column": 1
        }
      },
      "45": {
        "start": {
          "line": 123,
          "column": 2
        },
        "end": {
          "line": 129,
          "column": 3
        }
      },
      "46": {
        "start": {
          "line": 124,
          "column": 21
        },
        "end": {
          "line": 124,
          "column": 76
        }
      },
      "47": {
        "start": {
          "line": 125,
          "column": 4
        },
        "end": {
          "line": 125,
          "column": 37
        }
      },
      "48": {
        "start": {
          "line": 127,
          "column": 4
        },
        "end": {
          "line": 127,
          "column": 25
        }
      },
      "49": {
        "start": {
          "line": 128,
          "column": 4
        },
        "end": {
          "line": 128,
          "column": 15
        }
      },
      "50": {
        "start": {
          "line": 131,
          "column": 29
        },
        "end": {
          "line": 139,
          "column": 1
        }
      },
      "51": {
        "start": {
          "line": 132,
          "column": 2
        },
        "end": {
          "line": 138,
          "column": 3
        }
      },
      "52": {
        "start": {
          "line": 133,
          "column": 21
        },
        "end": {
          "line": 133,
          "column": 70
        }
      },
      "53": {
        "start": {
          "line": 134,
          "column": 4
        },
        "end": {
          "line": 134,
          "column": 37
        }
      },
      "54": {
        "start": {
          "line": 136,
          "column": 4
        },
        "end": {
          "line": 136,
          "column": 32
        }
      },
      "55": {
        "start": {
          "line": 141,
          "column": 25
        },
        "end": {
          "line": 153,
          "column": 1
        }
      },
      "56": {
        "start": {
          "line": 143,
          "column": 2
        },
        "end": {
          "line": 152,
          "column": 3
        }
      },
      "57": {
        "start": {
          "line": 145,
          "column": 4
        },
        "end": {
          "line": 145,
          "column": 35
        }
      },
      "58": {
        "start": {
          "line": 146,
          "column": 4
        },
        "end": {
          "line": 146,
          "column": 25
        }
      },
      "59": {
        "start": {
          "line": 147,
          "column": 4
        },
        "end": {
          "line": 147,
          "column": 19
        }
      },
      "60": {
        "start": {
          "line": 148,
          "column": 9
        },
        "end": {
          "line": 152,
          "column": 3
        }
      },
      "61": {
        "start": {
          "line": 150,
          "column": 4
        },
        "end": {
          "line": 150,
          "column": 35
        }
      },
      "62": {
        "start": {
          "line": 151,
          "column": 4
        },
        "end": {
          "line": 151,
          "column": 19
        }
      },
      "63": {
        "start": {
          "line": 154,
          "column": 23
        },
        "end": {
          "line": 166,
          "column": 1
        }
      },
      "64": {
        "start": {
          "line": 157,
          "column": 2
        },
        "end": {
          "line": 165,
          "column": 3
        }
      },
      "65": {
        "start": {
          "line": 159,
          "column": 30
        },
        "end": {
          "line": 159,
          "column": 63
        }
      },
      "66": {
        "start": {
          "line": 160,
          "column": 4
        },
        "end": {
          "line": 160,
          "column": 30
        }
      },
      "67": {
        "start": {
          "line": 163,
          "column": 4
        },
        "end": {
          "line": 163,
          "column": 84
        }
      },
      "68": {
        "start": {
          "line": 167,
          "column": 26
        },
        "end": {
          "line": 204,
          "column": 1
        }
      },
      "69": {
        "start": {
          "line": 169,
          "column": 2
        },
        "end": {
          "line": 203,
          "column": 3
        }
      },
      "70": {
        "start": {
          "line": 173,
          "column": 4
        },
        "end": {
          "line": 173,
          "column": 116
        }
      },
      "71": {
        "start": {
          "line": 174,
          "column": 9
        },
        "end": {
          "line": 203,
          "column": 3
        }
      },
      "72": {
        "start": {
          "line": 178,
          "column": 4
        },
        "end": {
          "line": 178,
          "column": 116
        }
      },
      "73": {
        "start": {
          "line": 179,
          "column": 9
        },
        "end": {
          "line": 203,
          "column": 3
        }
      },
      "74": {
        "start": {
          "line": 183,
          "column": 4
        },
        "end": {
          "line": 183,
          "column": 116
        }
      },
      "75": {
        "start": {
          "line": 185,
          "column": 7
        },
        "end": {
          "line": 203,
          "column": 3
        }
      },
      "76": {
        "start": {
          "line": 186,
          "column": 4
        },
        "end": {
          "line": 186,
          "column": 38
        }
      },
      "77": {
        "start": {
          "line": 187,
          "column": 4
        },
        "end": {
          "line": 187,
          "column": 22
        }
      },
[...]
              "column": 52
            },
            "end": {
              "line": 537,
              "column": 54
            }
          }
        ],
        "line": 537
      }
    },
    "s": {
      "0": 5,
      "1": 3,
      "2": 3,
      "3": 3,
      "4": 1,
      "5": 1,
      "6": 1,
      "7": 1,
      "8": 0,
      "9": 0,
      "10": 1,
      "11": 1,
      "12": 1,
      "13": 0,
      "14": 0,
      "15": 1,
      "16": 1,
      "17": 1,
      "18": 0,
      "19": 0,
      "20": 1,
      "21": 1,
      "22": 1,
      "23": 0,
      "24": 1,
      "25": 1,
      "26": 1,
      "27": 0,
      "28": 1,
      "29": 0,
      "30": 0,
      "31": 0,
      "32": 0,
      "33": 0,
      "34": 0,
      "35": 0,
      "36": 0,
      "37": 0,
      "38": 0,
      "39": 0,
      "40": 0,
      "41": 0,
      "42": 0,
      "43": 0,
      "44": 0,
      "45": 0,
      "46": 0,
      "47": 0,
      "48": 0,
      "49": 0,
      "50": 0,
      "51": 0,
      "52": 0,
      "53": 0,
      "54": 0,
      "55": 0,
      "56": 0,
      "57": 0,
      "58": 0,
      "59": 0,
      "60": 0,
      "61": 0,
      "62": 0,
      "63": 0,
      "64": 1,
      "65": 1,
      "66": 1,
      "67": 0,
      "68": 0,
      "69": 1,
      "70": 1,
      "71": 0,
      "72": 0,
      "73": 0,
      "74": 0,
      "75": 0,
      "76": 0,
      "77": 0,
      "78": 0,
      "79": 0,
      "80": 0,
      "81": 0,
      "82": 0,
      "83": 0,
      "84": 0,
      "85": 0,
      "86": 0,
      "87": 0,
      "88": 0,
      "89": 0,
      "90": 0,
      "91": 0,
      "92": 0,
      "93": 0,
      "94": 0,
      "95": 0,
      "96": 0,
      "97": 0,
      "98": 0,
      "99": 0,
      "100": 0,
      "101": 0,
      "102": 0,
      "103": 0,
      "104": 0,
      "105": 0,
      "106": 0,
      "107": 0,
      "108": 0,
      "109": 0,
      "110": 0,
      "111": 0,
      "112": 0,
      "113": 0,
      "114": 0,
      "115": 0,
      "116": 0,
      "117": 0,
      "118": 0,
      "119": 0,
      "120": 0,
      "121": 0,
      "122": 0,
      "123": 0,
      "124": 0,
      "125": 0,
      "126": 0,
      "127": 0,
      "128": 0,
      "129": 0,
      "130": 0,
      "131": 0,
      "132": 0,
      "133": 0,
      "134": 0,
      "135": 0,
      "136": 0,
      "137": 0,
      "138": 0,
      "139": 3,
      "140": 1,
      "141": 1,
      "142": 3
    },
    "f": {
      "0": 5,
      "1": 1,
      "2": 1,
      "3": 0,
      "4": 1,
      "5": 0,
      "6": 1,
      "7": 0,
      "8": 1,
      "9": 0,
      "10": 1,
      "11": 0,
      "12": 0,
      "13": 0,
      "14": 0,
      "15": 0,
      "16": 0,
      "17": 0,
      "18": 0,
      "19": 0,
      "20": 0,
      "21": 0,
      "22": 0,
      "23": 0,
      "24": 0,
      "25": 0,
      "26": 0,
      "27": 0,
      "28": 1,
      "29": 1,
      "30": 0,
      "31": 1,
      "32": 1,
      "33": 0,
      "34": 0,
      "35": 0,
      "36": 0,
      "37": 0,
      "38": 0,
      "39": 0,
      "40": 0,
      "41": 0,
      "42": 0,
      "43": 0,
      "44": 0,
      "45": 0,
      "46": 0,
      "47": 0,
      "48": 0,
      "49": 0,
      "50": 0,
      "51": 0,
      "52": 0,
      "53": 0,
      "54": 0,
      "55": 0,
      "56": 0,
      "57": 0,
      "58": 0,
      "59": 0,
      "60": 0,
      "61": 0,
      "62": 0,
      "63": 0,
      "64": 0,
      "65": 0,
      "66": 0,
      "67": 0,
      "68": 0,
      "69": 0,
      "70": 0,
      "71": 0,
      "72": 0,
      "73": 0,
      "74": 0,
      "75": 0,
      "76": 1,
      "77": 1
    },
    "b": {
      "0": [
        3,
        2
      ],
      "1": [
        1,
        0
      ],
      "2": [
        1,
        0
      ],
      "3": [
        1,
        0
      ],
      "4": [
        1,
        0
      ],
      "5": [
        1,
        0
      ],
      "6": [
        0,
        0
      ],
      "7": [
        0,
        0
      ],
      "8": [
        0,
        0
      ],
      "9": [
        0,
        0
      ],
      "10": [
        0,
        0
      ],
      "11": [
        0,
        0
      ],
      "12": [
        1,
        0
      ],
      "13": [
        0,
        0
      ],
      "14": [
        0,
        0
      ],
      "15": [
        0,
        0
      ],
      "16": [
        0,
        0
      ],
      "17": [
        0,
        0
      ],
      "18": [
        3,
        0
      ],
      "19": [
        0,
        0
      ],
      "20": [
        0,
        0
      ],
      "21": [
        0,
        0
      ],
      "22": [
        3,
        0
      ],
      "23": [
        0,
        0
      ],
      "24": [
        0,
        0
      ],
      "25": [
        0,
        0
      ],
      "26": [
        0,
        0
      ]
    },
    "_coverageSchema": "1a1c01bbd47fc00a2c39e90264f33305004495a9",
    "hash": "7c6ee2e626a7c037432e9981e7311b05936bb1ac"
  },
  "E:\\workspace\\THPTPM\\BookWorld\\FE\\src\\reportWebVitals.js": {
    "path": "E:\\workspace\\THPTPM\\BookWorld\\FE\\src\\reportWebVitals.js",
    "statementMap": {
      "0": {
        "start": {
          "line": 1,
          "column": 24
        },
        "end": {
          "line": 11,
          "column": 1
        }
      },
      "1": {
        "start": {
          "line": 2,
          "column": 2
        },
        "end": {
          "line": 10,
          "column": 3
        }
      },
      "2": {
        "start": {
          "line": 3,
          "column": 4
        },
        "end": {
          "line": 9,
          "column": 7
        }
      },
      "3": {
        "start": {
          "line": 4,
          "column": 6
        },
        "end": {
          "line": 4,
          "column": 26
        }
      },
      "4": {
        "start": {
          "line": 5,
          "column": 6
        },
        "end": {
          "line": 5,
          "column": 26
        }
      },
      "5": {
        "start": {
          "line": 6,
          "column": 6
        },
        "end": {
          "line": 6,
          "column": 26
        }
      },
      "6": {
        "start": {
          "line": 7,
          "column": 6
        },
        "end": {
          "line": 7,
          "column": 26
        }
      },
      "7": {
        "start": {
          "line": 8,
          "column": 6
        },
        "end": {
          "line": 8,
          "column": 27
        }
      }
    },
    "fnMap": {
      "0": {
        "name": "(anonymous_0)",
        "decl": {
          "start": {
            "line": 1,
            "column": 24
          },
          "end": {
            "line": 1,
            "column": 25
          }
        },
        "loc": {
          "start": {
            "line": 1,
            "column": 39
          },
          "end": {
            "line": 11,
            "column": 1
          }
        },
        "line": 1
      },
      "1": {
        "name": "(anonymous_1)",
        "decl": {
          "start": {
            "line": 3,
            "column": 30
          },
          "end": {
            "line": 3,
            "column": 31
          }
        },
        "loc": {
          "start": {
            "line": 3,
            "column": 79
          },
          "end": {
            "line": 9,
            "column": 5
          }
        },
        "line": 3
      }
    },
    "branchMap": {
      "0": {
        "loc": {
          "start": {
            "line": 2,
            "column": 2
          },
          "end": {
            "line": 10,
            "column": 3
          }
        },
        "type": "if",
        "locations": [
          {
            "start": {
              "line": 2,
              "column": 2
            },
            "end": {
              "line": 10,
              "column": 3
            }
          },
          {
            "start": {},
            "end": {}
          }
        ],
        "line": 2
      },
      "1": {
        "loc": {
          "start": {
            "line": 2,
            "column": 6
          },
          "end": {
            "line": 2,
            "column": 52
          }
        },
        "type": "binary-expr",
        "locations": [
          {
            "start": {
              "line": 2,
              "column": 6
            },
            "end": {
              "line": 2,
              "column": 17
            }
          },
          {
            "start": {
              "line": 2,
              "column": 21
            },
            "end": {
              "line": 2,
              "column": 52
            }
          }
        ],
        "line": 2
      }
    },
    "s": {
      "0": 2,
      "1": 2,
      "2": 0,
      "3": 0,
      "4": 0,
      "5": 0,
      "6": 0,
      "7": 0
    },
    "f": {
      "0": 2,
      "1": 0
    },
    "b": {
      "0": [
        0,
        2
      ],
      "1": [
        2,
        0
      ]
    },
    "_coverageSchema": "1a1c01bbd47fc00a2c39e90264f33305004495a9",
    "hash": "8d0d7df5158b47635be921025170d1284989f51c"
  },
  "E:\\workspace\\THPTPM\\BookWorld\\FE\\src\\store.js": {
    "path": "E:\\workspace\\THPTPM\\BookWorld\\FE\\src\\store.js",
    "statementMap": {
      "0": {
        "start": {
          "line": 4,
          "column": 16
        },
        "end": {
          "line": 7,
          "column": 1
        }
      },
      "1": {
        "start": {
          "line": 9,
          "column": 14
        },
        "end": {
          "line": 12,
          "column": 2
        }
      }
    },
    "fnMap": {},
    "branchMap": {},
    "s": {
      "0": 2,
      "1": 2
    },
    "f": {},
    "b": {},
    "_coverageSchema": "1a1c01bbd47fc00a2c39e90264f33305004495a9",
    "hash": "1368042924c4e94e8e33b8c28d6e4c4ac60333de"
  },
  "E:\\workspace\\THPTPM\\BookWorld\\FE\\src\\index.js": {
    "path": "E:\\workspace\\THPTPM\\BookWorld\\FE\\src\\index.js",
    "statementMap": {
      "0": {
        "start": {
          "line": 8,
          "column": 13
        },
        "end": {
          "line": 8,
          "column": 65
        }
      },
      "1": {
        "start": {
          "line": 9,
          "column": 0
        },
        "end": {
          "line": 13,
          "column": 2
        }
      },
      "2": {
        "start": {
          "line": 18,
          "column": 0
        },
        "end": {
          "line": 18,
          "column": 18
        }
      }
    },
    "fnMap": {},
    "branchMap": {},
    "s": {
      "0": 2,
      "1": 2,
      "2": 2
    },
    "f": {},
    "b": {},
    "_coverageSchema": "1a1c01bbd47fc00a2c39e90264f33305004495a9",
    "hash": "9c28f47c14b3c45f419701b3a8a0880115ae72b9"
  },
  "E:\\workspace\\THPTPM\\BookWorld\\FE\\cypress\\support\\commands.js": {
    "path": "E:\\workspace\\THPTPM\\BookWorld\\FE\\cypress\\support\\commands.js",
    "statementMap": {
      "0": {
        "start": {
          "line": 27,
          "column": 0
        },
        "end": {
          "line": 29,
          "column": 2
        }
      },
      "1": {
        "start": {
          "line": 28,
          "column": 4
        },
        "end": {
          "line": 28,
          "column": 53
        }
      },
      "2": {
        "start": {
          "line": 31,
          "column": 0
        },
        "end": {
          "line": 33,
          "column": 2
        }
      },
      "3": {
        "start": {
          "line": 32,
          "column": 4
        },
        "end": {
          "line": 32,
          "column": 54
        }
      }
    },
    "fnMap": {
      "0": {
        "name": "(anonymous_0)",
        "decl": {
          "start": {
            "line": 27,
            "column": 33
          },
          "end": {
            "line": 27,
            "column": 34
          }
        },
        "loc": {
          "start": {
            "line": 27,
            "column": 56
          },
          "end": {
            "line": 29,
            "column": 1
          }
        },
        "line": 27
      },
      "1": {
        "name": "(anonymous_1)",
        "decl": {
          "start": {
            "line": 31,
            "column": 37
          },
          "end": {
            "line": 31,
            "column": 38
          }
        },
        "loc": {
          "start": {
            "line": 31,
            "column": 60
          },
          "end": {
            "line": 33,
            "column": 1
          }
        },
        "line": 31
      }
    },
    "branchMap": {},
    "s": {
      "0": 1,
      "1": 0,
      "2": 1,
      "3": 0
    },
    "f": {
      "0": 0,
      "1": 0
    },
    "b": {},
    "_coverageSchema": "1a1c01bbd47fc00a2c39e90264f33305004495a9",
    "hash": "8ccac854c2e6ef13cf6b971c9cabe925ccaeab4c"
  },
  "E:\\workspace\\THPTPM\\BookWorld\\FE\\cypress\\support\\e2e.js": {
    "path": "E:\\workspace\\THPTPM\\BookWorld\\FE\\cypress\\support\\e2e.js",
    "statementMap": {},
    "fnMap": {},
    "branchMap": {},
    "s": {},
    "f": {},
    "b": {},
    "_coverageSchema": "1a1c01bbd47fc00a2c39e90264f33305004495a9",
    "hash": "41205ad57180cc084b31109456b8da254ebf8b04"
  },
  "E:\\workspace\\THPTPM\\BookWorld\\FE\\cypress\\e2e\\create_post.cy.js": {
    "path": "E:\\workspace\\THPTPM\\BookWorld\\FE\\cypress\\e2e\\create_post.cy.js",
    "statementMap": {
      "0": {
        "start": {
          "line": 2,
          "column": 0
        },
        "end": {
          "line": 86,
          "column": 3
        }
      },
      "1": {
        "start": {
          "line": 3,
          "column": 4
        },
        "end": {
          "line": 62,
          "column": 7
        }
      },
      "2": {
        "start": {
          "line": 4,
          "column": 8
        },
        "end": {
          "line": 4,
          "column": 31
        }
      },
      "3": {
        "start": {
          "line": 5,
          "column": 8
        },
        "end": {
          "line": 5,
          "column": 27
        }
      },
      "4": {
        "start": {
          "line": 6,
          "column": 8
        },
        "end": {
          "line": 7,
          "column": 46
        }
      },
      "5": {
        "start": {
          "line": 8,
          "column": 8
        },
        "end": {
          "line": 9,
          "column": 27
        }
      },
      "6": {
        "start": {
          "line": 10,
          "column": 8
        },
        "end": {
          "line": 10,
          "column": 42
        }
      },
      "7": {
        "start": {
          "line": 12,
          "column": 8
        },
        "end": {
          "line": 15,
          "column": 23
        }
      },
      "8": {
        "start": {
          "line": 17,
          "column": 8
        },
        "end": {
          "line": 20,
          "column": 23
        }
      },
      "9": {
        "start": {
          "line": 22,
          "column": 8
        },
        "end": {
          "line": 25,
          "column": 28
        }
      },
      "10": {
        "start": {
          "line": 27,
          "column": 8
        },
        "end": {
          "line": 30,
          "column": 27
        }
      },
      "11": {
        "start": {
          "line": 32,
          "column": 8
        },
        "end": {
          "line": 35,
          "column": 28
        }
      },
      "12": {
        "start": {
          "line": 38,
          "column": 8
        },
        "end": {
          "line": 41,
          "column": 25
        }
      },
      "13": {
        "start": {
          "line": 43,
          "column": 8
        },
        "end": {
          "line": 46,
          "column": 28
        }
      },
      "14": {
        "start": {
          "line": 48,
          "column": 8
        },
        "end": {
          "line": 51,
          "column": 34
        }
      },
      "15": {
        "start": {
          "line": 53,
          "column": 8
        },
        "end": {
          "line": 56,
          "column": 34
        }
      },
      "16": {
        "start": {
          "line": 58,
          "column": 8
        },
        "end": {
          "line": 58,
          "column": 67
        }
      },
      "17": {
        "start": {
          "line": 59,
          "column": 8
        },
        "end": {
          "line": 59,
          "column": 100
        }
      },
      "18": {
        "start": {
          "line": 61,
          "column": 8
        },
        "end": {
          "line": 61,
          "column": 62
        }
      },
      "19": {
        "start": {
          "line": 63,
          "column": 4
        },
        "end": {
          "line": 83,
          "column": 7
        }
      },
      "20": {
        "start": {
          "line": 66,
          "column": 8
        },
        "end": {
          "line": 69,
          "column": 37
        }
      },
      "21": {
        "start": {
          "line": 70,
          "column": 8
        },
        "end": {
          "line": 70,
          "column": 46
        }
      },
      "22": {
        "start": {
          "line": 71,
          "column": 8
        },
        "end": {
          "line": 71,
          "column": 67
        }
      },
      "23": {
        "start": {
          "line": 72,
          "column": 8
        },
        "end": {
          "line": 72,
          "column": 105
        }
      },
      "24": {
        "start": {
          "line": 73,
          "column": 8
        },
        "end": {
          "line": 73,
          "column": 63
        }
      },
      "25": {
        "start": {
          "line": 74,
          "column": 8
        },
        "end": {
          "line": 74,
          "column": 45
        }
      },
      "26": {
        "start": {
          "line": 76,
          "column": 8
        },
        "end": {
          "line": 79,
          "column": 25
        }
      },
      "27": {
        "start": {
          "line": 80,
          "column": 8
        },
        "end": {
          "line": 80,
          "column": 39
        }
      }
    },
    "fnMap": {
      "0": {
        "name": "(anonymous_0)",
        "decl": {
          "start": {
            "line": 2,
            "column": 30
          },
          "end": {
            "line": 2,
            "column": 31
          }
        },
        "loc": {
          "start": {
            "line": 2,
            "column": 36
          },
          "end": {
            "line": 86,
            "column": 1
          }
        },
        "line": 2
      },
      "1": {
        "name": "(anonymous_1)",
        "decl": {
          "start": {
            "line": 3,
            "column": 15
          },
          "end": {
            "line": 3,
            "column": 16
          }
        },
        "loc": {
          "start": {
            "line": 3,
            "column": 21
          },
          "end": {
            "line": 62,
            "column": 5
          }
        },
        "line": 3
      },
      "2": {
        "name": "(anonymous_2)",
        "decl": {
          "start": {
            "line": 63,
            "column": 23
          },
          "end": {
            "line": 63,
            "column": 24
          }
        },
        "loc": {
          "start": {
            "line": 63,
            "column": 29
          },
          "end": {
            "line": 83,
            "column": 5
          }
        },
        "line": 63
      }
    },
    "branchMap": {},
    "s": {
      "0": 1,
      "1": 1,
      "2": 1,
      "3": 1,
      "4": 1,
      "5": 1,
      "6": 1,
      "7": 1,
      "8": 1,
      "9": 1,
      "10": 1,
      "11": 1,
      "12": 1,
      "13": 1,
      "14": 1,
      "15": 1,
      "16": 1,
      "17": 1,
      "18": 1,
      "19": 1,
      "20": 1,
      "21": 1,
      "22": 1,
      "23": 1,
      "24": 1,
      "25": 1,
      "26": 1,
      "27": 1
    },
    "f": {
      "0": 1,
      "1": 1,
      "2": 1
    },
    "b": {},
    "_coverageSchema": "1a1c01bbd47fc00a2c39e90264f33305004495a9",
    "hash": "4488957ef54ade33d5378d2286d2f17fe4dc00ad"
  }
}