# JRE version: OpenJDK Runtime Environment (20.0.1+9) (build 20.0.1+9-29)
# Java VM: OpenJDK 64-Bit Server VM (20.0.1+9-29, mixed mode, sharing, tiered, compressed oops, compressed class ptrs, g1 gc, windows-amd64)
GC Precious Log:
 CardTable entry size: 512
 Card Set container configuration: InlinePtr #cards 4 size 8 Array Of Cards #cards 32 size 80 Howl #buckets 8 coarsen threshold 7372 Howl Bitmap #cards 1024 size 144 coarsen threshold 921 Card regions per heap region 1 cards per card region 8192
 CPUs: 8 total, 8 available
 Memory: 20267M
 Large Page Support: Disabled
 NUMA Support: Disabled
 Compressed Oops: Enabled (Zero based)
 Heap Region Size: 4M
 Heap Min Capacity: 8M
 Heap Initial Capacity: 320M
 Heap Max Capacity: 5068M
 Pre-touch: Disabled
 Parallel Workers: 8
 Concurrent Workers: 2
 Concurrent Refinement Workers: 8
 Periodic GC: Disabled
Heap:
 garbage-first heap   total 217088K, used 123077K [0x00000006c3400000, 0x0000000800000000)
  region size 4096K, 3 young (12288K), 3 survivors (12288K)
 Metaspace       used 89944K, committed 90816K, reserved 1179648K
  class space    used 10667K, committed 11072K, reserved 1048576K
GC Heap History (20 events):
Event: 11.719 GC heap after
{Heap after GC invocations=18 (full 0):
 garbage-first heap   total 180224K, used 74045K [0x00000006c3400000, 0x0000000800000000)
  region size 4096K, 2 young (8192K), 2 survivors (8192K)
 Metaspace       used 59502K, committed 60160K, reserved 1114112K
  class space    used 7047K, committed 7360K, reserved 1048576K
}
Event: 13.069 GC heap before
{Heap before GC invocations=19 (full 0):
 garbage-first heap   total 180224K, used 155965K [0x00000006c3400000, 0x0000000800000000)
  region size 4096K, 22 young (90112K), 2 survivors (8192K)
 Metaspace       used 63621K, committed 64256K, reserved 1114112K
  class space    used 7700K, committed 8000K, reserved 1048576K
}
Event: 13.081 GC heap after
{Heap after GC invocations=20 (full 0):
 garbage-first heap   total 180224K, used 82311K [0x00000006c3400000, 0x0000000800000000)
  region size 4096K, 3 young (12288K), 3 survivors (12288K)
 Metaspace       used 63621K, committed 64256K, reserved 1114112K
  class space    used 7700K, committed 8000K, reserved 1048576K
}
Event: 13.923 GC heap before
{Heap before GC invocations=20 (full 0):
 garbage-first heap   total 180224K, used 151943K [0x00000006c3400000, 0x0000000800000000)
  region size 4096K, 20 young (81920K), 3 survivors (12288K)
 Metaspace       used 67745K, committed 68416K, reserved 1114112K
  class space    used 8190K, committed 8512K, reserved 1048576K
}
Event: 13.944 GC heap after
{Heap after GC invocations=21 (full 0):
 garbage-first heap   total 180224K, used 89386K [0x00000006c3400000, 0x0000000800000000)
  region size 4096K, 2 young (8192K), 2 survivors (8192K)
 Metaspace       used 67745K, committed 68416K, reserved 1114112K
  class space    used 8190K, committed 8512K, reserved 1048576K
}
Event: 15.669 GC heap before
{Heap before GC invocations=21 (full 0):
 garbage-first heap   total 180224K, used 159018K [0x00000006c3400000, 0x0000000800000000)
  region size 4096K, 19 young (77824K), 2 survivors (8192K)
 Metaspace       used 71759K, committed 72384K, reserved 1114112K
  class space    used 8625K, committed 8896K, reserved 1048576K
}
Event: 15.716 GC heap after
{Heap after GC invocations=22 (full 0):
 garbage-first heap   total 180224K, used 94572K [0x00000006c3400000, 0x0000000800000000)
  region size 4096K, 2 young (8192K), 2 survivors (8192K)
 Metaspace       used 71759K, committed 72384K, reserved 1114112K
  class space    used 8625K, committed 8896K, reserved 1048576K
}
Event: 16.923 GC heap before
{Heap before GC invocations=23 (full 0):
 garbage-first heap   total 180224K, used 156012K [0x00000006c3400000, 0x0000000800000000)
  region size 4096K, 17 young (69632K), 2 survivors (8192K)
 Metaspace       used 74128K, committed 74816K, reserved 1179648K
  class space    used 8961K, committed 9280K, reserved 1048576K
}
Event: 16.937 GC heap after
{Heap after GC invocations=24 (full 0):
 garbage-first heap   total 180224K, used 97131K [0x00000006c3400000, 0x0000000800000000)
  region size 4096K, 2 young (8192K), 2 survivors (8192K)
 Metaspace       used 74128K, committed 74816K, reserved 1179648K
  class space    used 8961K, committed 9280K, reserved 1048576K
}
Event: 17.737 GC heap before
{Heap before GC invocations=24 (full 0):
 garbage-first heap   total 180224K, used 158571K [0x00000006c3400000, 0x0000000800000000)
  region size 4096K, 17 young (69632K), 2 survivors (8192K)
 Metaspace       used 75008K, committed 75712K, reserved 1179648K
  class space    used 9025K, committed 9344K, reserved 1048576K
}
Event: 17.752 GC heap after
{Heap after GC invocations=25 (full 0):
 garbage-first heap   total 217088K, used 97475K [0x00000006c3400000, 0x0000000800000000)
  region size 4096K, 2 young (8192K), 2 survivors (8192K)
 Metaspace       used 75008K, committed 75712K, reserved 1179648K
  class space    used 9025K, committed 9344K, reserved 1048576K
}
Event: 18.708 GC heap before
{Heap before GC invocations=25 (full 0):
 garbage-first heap   total 217088K, used 187587K [0x00000006c3400000, 0x0000000800000000)
  region size 4096K, 24 young (98304K), 2 survivors (8192K)
 Metaspace       used 78832K, committed 79616K, reserved 1179648K
  class space    used 9462K, committed 9856K, reserved 1048576K
}
Event: 18.721 GC heap after
{Heap after GC invocations=26 (full 0):
 garbage-first heap   total 217088K, used 103670K [0x00000006c3400000, 0x0000000800000000)
  region size 4096K, 3 young (12288K), 3 survivors (12288K)
 Metaspace       used 78832K, committed 79616K, reserved 1179648K
  class space    used 9462K, committed 9856K, reserved 1048576K
}
Event: 20.389 GC heap before
{Heap before GC invocations=26 (full 0):
 garbage-first heap   total 217088K, used 185590K [0x00000006c3400000, 0x0000000800000000)
  region size 4096K, 23 young (94208K), 3 survivors (12288K)
 Metaspace       used 82729K, committed 83584K, reserved 1179648K
  class space    used 9939K, committed 10304K, reserved 1048576K
}
Event: 20.408 GC heap after
{Heap after GC invocations=27 (full 0):
 garbage-first heap   total 217088K, used 108002K [0x00000006c3400000, 0x0000000800000000)
  region size 4096K, 3 young (12288K), 3 survivors (12288K)
 Metaspace       used 82729K, committed 83584K, reserved 1179648K
  class space    used 9939K, committed 10304K, reserved 1048576K
}
Event: 21.485 GC heap before
{Heap before GC invocations=27 (full 0):
 garbage-first heap   total 217088K, used 181730K [0x00000006c3400000, 0x0000000800000000)
  region size 4096K, 22 young (90112K), 3 survivors (12288K)
 Metaspace       used 86475K, committed 87360K, reserved 1179648K
  class space    used 10370K, committed 10752K, reserved 1048576K
}
Event: 21.500 GC heap after
{Heap after GC invocations=28 (full 0):
 garbage-first heap   total 217088K, used 112208K [0x00000006c3400000, 0x0000000800000000)
  region size 4096K, 3 young (12288K), 3 survivors (12288K)
 Metaspace       used 86475K, committed 87360K, reserved 1179648K
  class space    used 10370K, committed 10752K, reserved 1048576K
}
Event: 22.947 GC heap before
{Heap before GC invocations=29 (full 0):
 garbage-first heap   total 217088K, used 185936K [0x00000006c3400000, 0x0000000800000000)
  region size 4096K, 21 young (86016K), 3 survivors (12288K)
 Metaspace       used 88996K, committed 89792K, reserved 1179648K
  class space    used 10638K, committed 11008K, reserved 1048576K
}
Event: 22.963 GC heap after
{Heap after GC invocations=30 (full 0):
 garbage-first heap   total 217088K, used 118548K [0x00000006c3400000, 0x0000000800000000)
  region size 4096K, 3 young (12288K), 3 survivors (12288K)
 Metaspace       used 88996K, committed 89792K, reserved 1179648K
  class space    used 10638K, committed 11008K, reserved 1048576K
}
Event: 24.583 GC heap before
{Heap before GC invocations=30 (full 0):
 garbage-first heap   total 217088K, used 184084K [0x00000006c3400000, 0x0000000800000000)
  region size 4096K, 19 young (77824K), 3 survivors (12288K)
 Metaspace       used 89944K, committed 90816K, reserved 1179648K
  class space    used 10667K, committed 11072K, reserved 1048576K
}

